# JRE version: OpenJDK Runtime Environment (8.0_152-b01) (build 1.8.0_152-release-1343-b01)
# Java VM: OpenJDK 64-Bit Server VM (25.152-b01 mixed mode windows-amd64 compressed oops)
Heap:
 PSYoungGen      total 497664K, used 418886K [0x00000000e0000000, 0x0000000100000000, 0x0000000100000000)
  eden space 475136K, 84% used [0x00000000e0000000,0x00000000f866ed78,0x00000000fd000000)
  from space 22528K, 84% used [0x00000000fea00000,0x00000000ffca2cc0,0x0000000100000000)
  to   space 24576K, 0% used [0x00000000fd000000,0x00000000fd000000,0x00000000fe800000)
 ParOldGen       total 168448K, used 97780K [0x00000000a0000000, 0x00000000aa480000, 0x00000000e0000000)
  object space 168448K, 58% used [0x00000000a0000000,0x00000000a5f7d1b8,0x00000000aa480000)
 Metaspace       used 72920K, capacity 75474K, committed 75776K, reserved 1116160K
  class space    used 9444K, capacity 9946K, committed 9984K, reserved 1048576K
GC Heap History (10 events):
Event: 96.493 GC heap before
{Heap before GC invocations=64 (full 5):
 PSYoungGen      total 507904K, used 502885K [0x00000000e0000000, 0x00000000ffe80000, 0x0000000100000000)
  eden space 494080K, 100% used [0x00000000e0000000,0x00000000fe280000,0x00000000fe280000)
  from space 13824K, 63% used [0x00000000ff100000,0x00000000ff9994e8,0x00000000ffe80000)
  to   space 14336K, 0% used [0x00000000fe280000,0x00000000fe280000,0x00000000ff080000)
 ParOldGen       total 167424K, used 140807K [0x00000000a0000000, 0x00000000aa380000, 0x00000000e0000000)
  object space 167424K, 84% used [0x00000000a0000000,0x00000000a8981f68,0x00000000aa380000)
 Metaspace       used 72907K, capacity 75474K, committed 75776K, reserved 1116160K
  class space    used 9443K, capacity 9946K, committed 9984K, reserved 1048576K
Event: 96.545 GC heap after
Heap after GC invocations=64 (full 5):
 PSYoungGen      total 508416K, used 14331K [0x00000000e0000000, 0x0000000100000000, 0x0000000100000000)
  eden space 494080K, 0% used [0x00000000e0000000,0x00000000e0000000,0x00000000fe280000)
  from space 14336K, 99% used [0x00000000fe280000,0x00000000ff07eec8,0x00000000ff080000)
  to   space 15872K, 0% used [0x00000000ff080000,0x00000000ff080000,0x0000000100000000)
 ParOldGen       total 167424K, used 150950K [0x00000000a0000000, 0x00000000aa380000, 0x00000000e0000000)
  object space 167424K, 90% used [0x00000000a0000000,0x00000000a9369920,0x00000000aa380000)
 Metaspace       used 72907K, capacity 75474K, committed 75776K, reserved 1116160K
  class space    used 9443K, capacity 9946K, committed 9984K, reserved 1048576K
}
Event: 97.414 GC heap before
{Heap before GC invocations=65 (full 5):
 PSYoungGen      total 508416K, used 508411K [0x00000000e0000000, 0x0000000100000000, 0x0000000100000000)
  eden space 494080K, 100% used [0x00000000e0000000,0x00000000fe280000,0x00000000fe280000)
  from space 14336K, 99% used [0x00000000fe280000,0x00000000ff07eec8,0x00000000ff080000)
  to   space 15872K, 0% used [0x00000000ff080000,0x00000000ff080000,0x0000000100000000)
 ParOldGen       total 167424K, used 150950K [0x00000000a0000000, 0x00000000aa380000, 0x00000000e0000000)
  object space 167424K, 90% used [0x00000000a0000000,0x00000000a9369920,0x00000000aa380000)
 Metaspace       used 72911K, capacity 75474K, committed 75776K, reserved 1116160K
  class space    used 9443K, capacity 9946K, committed 9984K, reserved 1048576K
Event: 97.463 GC heap after
Heap after GC invocations=65 (full 5):
 PSYoungGen      total 498176K, used 13654K [0x00000000e0000000, 0x0000000100000000, 0x0000000100000000)
  eden space 482304K, 0% used [0x00000000e0000000,0x00000000e0000000,0x00000000fd700000)
  from space 15872K, 86% used [0x00000000ff080000,0x00000000ffdd59e8,0x0000000100000000)
  to   space 20992K, 0% used [0x00000000fd700000,0x00000000fd700000,0x00000000feb80000)
 ParOldGen       total 167424K, used 160292K [0x00000000a0000000, 0x00000000aa380000, 0x00000000e0000000)
  object space 167424K, 95% used [0x00000000a0000000,0x00000000a9c89370,0x00000000aa380000)
 Metaspace       used 72911K, capacity 75474K, committed 75776K, reserved 1116160K
  class space    used 9443K, capacity 9946K, committed 9984K, reserved 1048576K
}
Event: 97.463 GC heap before
{Heap before GC invocations=66 (full 6):
 PSYoungGen      total 498176K, used 13654K [0x00000000e0000000, 0x0000000100000000, 0x0000000100000000)
  eden space 482304K, 0% used [0x00000000e0000000,0x00000000e0000000,0x00000000fd700000)
  from space 15872K, 86% used [0x00000000ff080000,0x00000000ffdd59e8,0x0000000100000000)
  to   space 20992K, 0% used [0x00000000fd700000,0x00000000fd700000,0x00000000feb80000)
 ParOldGen       total 167424K, used 160292K [0x00000000a0000000, 0x00000000aa380000, 0x00000000e0000000)
  object space 167424K, 95% used [0x00000000a0000000,0x00000000a9c89370,0x00000000aa380000)
 Metaspace       used 72911K, capacity 75474K, committed 75776K, reserved 1116160K
  class space    used 9443K, capacity 9946K, committed 9984K, reserved 1048576K
Event: 97.734 GC heap after
Heap after GC invocations=66 (full 6):
 PSYoungGen      total 498176K, used 0K [0x00000000e0000000, 0x0000000100000000, 0x0000000100000000)
  eden space 482304K, 0% used [0x00000000e0000000,0x00000000e0000000,0x00000000fd700000)
  from space 15872K, 0% used [0x00000000ff080000,0x00000000ff080000,0x0000000100000000)
  to   space 20992K, 0% used [0x00000000fd700000,0x00000000fd700000,0x00000000feb80000)
 ParOldGen       total 168448K, used 81965K [0x00000000a0000000, 0x00000000aa480000, 0x00000000e0000000)
  object space 168448K, 48% used [0x00000000a0000000,0x00000000a500b680,0x00000000aa480000)
 Metaspace       used 72911K, capacity 75474K, committed 75776K, reserved 1116160K
  class space    used 9443K, capacity 9946K, committed 9984K, reserved 1048576K
}
Event: 98.631 GC heap before
{Heap before GC invocations=67 (full 6):
 PSYoungGen      total 498176K, used 482304K [0x00000000e0000000, 0x0000000100000000, 0x0000000100000000)
  eden space 482304K, 100% used [0x00000000e0000000,0x00000000fd700000,0x00000000fd700000)
  from space 15872K, 0% used [0x00000000ff080000,0x00000000ff080000,0x0000000100000000)
  to   space 20992K, 0% used [0x00000000fd700000,0x00000000fd700000,0x00000000feb80000)
 ParOldGen       total 168448K, used 81965K [0x00000000a0000000, 0x00000000aa480000, 0x00000000e0000000)
  object space 168448K, 48% used [0x00000000a0000000,0x00000000a500b680,0x00000000aa480000)
 Metaspace       used 72916K, capacity 75474K, committed 75776K, reserved 1116160K
  class space    used 9444K, capacity 9946K, committed 9984K, reserved 1048576K
Event: 98.646 GC heap after
Heap after GC invocations=67 (full 6):
 PSYoungGen      total 499200K, used 16683K [0x00000000e0000000, 0x0000000100000000, 0x0000000100000000)
  eden space 482304K, 0% used [0x00000000e0000000,0x00000000e0000000,0x00000000fd700000)
  from space 16896K, 98% used [0x00000000fd700000,0x00000000fe74af38,0x00000000fe780000)
  to   space 22528K, 0% used [0x00000000fea00000,0x00000000fea00000,0x0000000100000000)
 ParOldGen       total 168448K, used 81965K [0x00000000a0000000, 0x00000000aa480000, 0x00000000e0000000)
  object space 168448K, 48% used [0x00000000a0000000,0x00000000a500b680,0x00000000aa480000)
 Metaspace       used 72916K, capacity 75474K, committed 75776K, reserved 1116160K
  class space    used 9444K, capacity 9946K, committed 9984K, reserved 1048576K
}
Event: 99.806 GC heap before
{Heap before GC invocations=68 (full 6):
 PSYoungGen      total 499200K, used 498987K [0x00000000e0000000, 0x0000000100000000, 0x0000000100000000)
  eden space 482304K, 100% used [0x00000000e0000000,0x00000000fd700000,0x00000000fd700000)
  from space 16896K, 98% used [0x00000000fd700000,0x00000000fe74af38,0x00000000fe780000)
  to   space 22528K, 0% used [0x00000000fea00000,0x00000000fea00000,0x0000000100000000)
 ParOldGen       total 168448K, used 81965K [0x00000000a0000000, 0x00000000aa480000, 0x00000000e0000000)
  object space 168448K, 48% used [0x00000000a0000000,0x00000000a500b680,0x00000000aa480000)
 Metaspace       used 72919K, capacity 75474K, committed 75776K, reserved 1116160K
  class space    used 9444K, capacity 9946K, committed 9984K, reserved 1048576K
Event: 99.830 GC heap after
Heap after GC invocations=68 (full 6):
 PSYoungGen      total 497664K, used 19083K [0x00000000e0000000, 0x0000000100000000, 0x0000000100000000)
  eden space 475136K, 0% used [0x00000000e0000000,0x00000000e0000000,0x00000000fd000000)
  from space 22528K, 84% used [0x00000000fea00000,0x00000000ffca2cc0,0x0000000100000000)
  to   space 24576K, 0% used [0x00000000fd000000,0x00000000fd000000,0x00000000fe800000)
 ParOldGen       total 168448K, used 97780K [0x00000000a0000000, 0x00000000aa480000, 0x00000000e0000000)
  object space 168448K, 58% used [0x00000000a0000000,0x00000000a5f7d1b8,0x00000000aa480000)
 Metaspace       used 72919K, capacity 75474K, committed 75776K, reserved 1116160K
  class space    used 9444K, capacity 9946K, committed 9984K, reserved 1048576K
}

