# JRE version: OpenJDK Runtime Environment (8.0_152-b01) (build 1.8.0_152-release-1343-b01)
# Java VM: OpenJDK 64-Bit Server VM (25.152-b01 mixed mode windows-amd64 compressed oops)
Heap:
 PSYoungGen      total 458752K, used 244730K [0x00000000e0000000, 0x00000000fff00000, 0x0000000100000000)
  eden space 400896K, 61% used [0x00000000e0000000,0x00000000eeefeae0,0x00000000f8780000)
  from space 57856K, 0% used [0x00000000f8780000,0x00000000f8780000,0x00000000fc000000)
  to   space 58368K, 0% used [0x00000000fc600000,0x00000000fc600000,0x00000000fff00000)
 ParOldGen       total 211968K, used 124359K [0x00000000a0000000, 0x00000000acf00000, 0x00000000e0000000)
  object space 211968K, 58% used [0x00000000a0000000,0x00000000a7971d50,0x00000000acf00000)
 Metaspace       used 124961K, capacity 129662K, committed 131968K, reserved 1165312K
  class space    used 15166K, capacity 16074K, committed 16512K, reserved 1048576K
GC Heap History (10 events):
Event: 1597.018 GC heap before
{Heap before GC invocations=49 (full 5):
 PSYoungGen      total 459264K, used 406097K [0x00000000e0000000, 0x00000000fff00000, 0x0000000100000000)
  eden space 397312K, 100% used [0x00000000e0000000,0x00000000f8400000,0x00000000f8400000)
  from space 61952K, 14% used [0x00000000f8400000,0x00000000f8c947d0,0x00000000fc080000)
  to   space 62976K, 0% used [0x00000000fc180000,0x00000000fc180000,0x00000000fff00000)
 ParOldGen       total 177664K, used 149238K [0x00000000a0000000, 0x00000000aad80000, 0x00000000e0000000)
  object space 177664K, 84% used [0x00000000a0000000,0x00000000a91bdb00,0x00000000aad80000)
 Metaspace       used 126402K, capacity 131694K, committed 131968K, reserved 1165312K
  class space    used 15413K, capacity 16451K, committed 16512K, reserved 1048576K
Event: 1597.031 GC heap after
Heap after GC invocations=49 (full 5):
 PSYoungGen      total 460800K, used 11297K [0x00000000e0000000, 0x0000000100000000, 0x0000000100000000)
  eden space 397824K, 0% used [0x00000000e0000000,0x00000000e0000000,0x00000000f8480000)
  from space 62976K, 17% used [0x00000000fc180000,0x00000000fcc88548,0x00000000fff00000)
  to   space 62464K, 0% used [0x00000000f8480000,0x00000000f8480000,0x00000000fc180000)
 ParOldGen       total 177664K, used 152712K [0x00000000a0000000, 0x00000000aad80000, 0x00000000e0000000)
  object space 177664K, 85% used [0x00000000a0000000,0x00000000a95221a8,0x00000000aad80000)
 Metaspace       used 126402K, capacity 131694K, committed 131968K, reserved 1165312K
  class space    used 15413K, capacity 16451K, committed 16512K, reserved 1048576K
}
Event: 1598.490 GC heap before
{Heap before GC invocations=50 (full 5):
 PSYoungGen      total 460800K, used 409121K [0x00000000e0000000, 0x0000000100000000, 0x0000000100000000)
  eden space 397824K, 100% used [0x00000000e0000000,0x00000000f8480000,0x00000000f8480000)
  from space 62976K, 17% used [0x00000000fc180000,0x00000000fcc88548,0x00000000fff00000)
  to   space 62464K, 0% used [0x00000000f8480000,0x00000000f8480000,0x00000000fc180000)
 ParOldGen       total 177664K, used 152712K [0x00000000a0000000, 0x00000000aad80000, 0x00000000e0000000)
  object space 177664K, 85% used [0x00000000a0000000,0x00000000a95221a8,0x00000000aad80000)
 Metaspace       used 126417K, capacity 131762K, committed 131968K, reserved 1165312K
  class space    used 15413K, capacity 16451K, committed 16512K, reserved 1048576K
Event: 1598.590 GC heap after
Heap after GC invocations=50 (full 5):
 PSYoungGen      total 418304K, used 20128K [0x00000000e0000000, 0x00000000ffa80000, 0x0000000100000000)
  eden space 397824K, 0% used [0x00000000e0000000,0x00000000e0000000,0x00000000f8480000)
  from space 20480K, 98% used [0x00000000f8480000,0x00000000f9828318,0x00000000f9880000)
  to   space 59904K, 0% used [0x00000000fc000000,0x00000000fc000000,0x00000000ffa80000)
 ParOldGen       total 177664K, used 153313K [0x00000000a0000000, 0x00000000aad80000, 0x00000000e0000000)
  object space 177664K, 86% used [0x00000000a0000000,0x00000000a95b85a8,0x00000000aad80000)
 Metaspace       used 126417K, capacity 131762K, committed 131968K, reserved 1165312K
  class space    used 15413K, capacity 16451K, committed 16512K, reserved 1048576K
}
Event: 1599.623 GC heap before
{Heap before GC invocations=51 (full 5):
 PSYoungGen      total 418304K, used 417952K [0x00000000e0000000, 0x00000000ffa80000, 0x0000000100000000)
  eden space 397824K, 100% used [0x00000000e0000000,0x00000000f8480000,0x00000000f8480000)
  from space 20480K, 98% used [0x00000000f8480000,0x00000000f9828318,0x00000000f9880000)
  to   space 59904K, 0% used [0x00000000fc000000,0x00000000fc000000,0x00000000ffa80000)
 ParOldGen       total 177664K, used 153313K [0x00000000a0000000, 0x00000000aad80000, 0x00000000e0000000)
  object space 177664K, 86% used [0x00000000a0000000,0x00000000a95b85a8,0x00000000aad80000)
 Metaspace       used 126440K, capacity 131766K, committed 131968K, reserved 1165312K
  class space    used 15414K, capacity 16451K, committed 16512K, reserved 1048576K
Event: 1599.654 GC heap after
Heap after GC invocations=51 (full 5):
 PSYoungGen      total 460800K, used 18846K [0x00000000e0000000, 0x0000000100000000, 0x0000000100000000)
  eden space 400896K, 0% used [0x00000000e0000000,0x00000000e0000000,0x00000000f8780000)
  from space 59904K, 31% used [0x00000000fc000000,0x00000000fd267868,0x00000000ffa80000)
  to   space 57856K, 0% used [0x00000000f8780000,0x00000000f8780000,0x00000000fc000000)
 ParOldGen       total 177664K, used 159350K [0x00000000a0000000, 0x00000000aad80000, 0x00000000e0000000)
  object space 177664K, 89% used [0x00000000a0000000,0x00000000a9b9da50,0x00000000aad80000)
 Metaspace       used 126440K, capacity 131766K, committed 131968K, reserved 1165312K
  class space    used 15414K, capacity 16451K, committed 16512K, reserved 1048576K
}
Event: 1600.484 GC heap before
{Heap before GC invocations=52 (full 5):
 PSYoungGen      total 460800K, used 419742K [0x00000000e0000000, 0x0000000100000000, 0x0000000100000000)
  eden space 400896K, 100% used [0x00000000e0000000,0x00000000f8780000,0x00000000f8780000)
  from space 59904K, 31% used [0x00000000fc000000,0x00000000fd267868,0x00000000ffa80000)
  to   space 57856K, 0% used [0x00000000f8780000,0x00000000f8780000,0x00000000fc000000)
 ParOldGen       total 177664K, used 159350K [0x00000000a0000000, 0x00000000aad80000, 0x00000000e0000000)
  object space 177664K, 89% used [0x00000000a0000000,0x00000000a9b9da50,0x00000000aad80000)
 Metaspace       used 126452K, capacity 131766K, committed 131968K, reserved 1165312K
  class space    used 15414K, capacity 16451K, committed 16512K, reserved 1048576K
Event: 1600.516 GC heap after
Heap after GC invocations=52 (full 5):
 PSYoungGen      total 458752K, used 5529K [0x00000000e0000000, 0x00000000fff00000, 0x0000000100000000)
  eden space 400896K, 0% used [0x00000000e0000000,0x00000000e0000000,0x00000000f8780000)
  from space 57856K, 9% used [0x00000000f8780000,0x00000000f8ce6528,0x00000000fc000000)
  to   space 58368K, 0% used [0x00000000fc600000,0x00000000fc600000,0x00000000fff00000)
 ParOldGen       total 177664K, used 175630K [0x00000000a0000000, 0x00000000aad80000, 0x00000000e0000000)
  object space 177664K, 98% used [0x00000000a0000000,0x00000000aab839a8,0x00000000aad80000)
 Metaspace       used 126452K, capacity 131766K, committed 131968K, reserved 1165312K
  class space    used 15414K, capacity 16451K, committed 16512K, reserved 1048576K
}
Event: 1600.517 GC heap before
{Heap before GC invocations=53 (full 6):
 PSYoungGen      total 458752K, used 5529K [0x00000000e0000000, 0x00000000fff00000, 0x0000000100000000)
  eden space 400896K, 0% used [0x00000000e0000000,0x00000000e0000000,0x00000000f8780000)
  from space 57856K, 9% used [0x00000000f8780000,0x00000000f8ce6528,0x00000000fc000000)
  to   space 58368K, 0% used [0x00000000fc600000,0x00000000fc600000,0x00000000fff00000)
 ParOldGen       total 177664K, used 175630K [0x00000000a0000000, 0x00000000aad80000, 0x00000000e0000000)
  object space 177664K, 98% used [0x00000000a0000000,0x00000000aab839a8,0x00000000aad80000)
 Metaspace       used 126452K, capacity 131766K, committed 131968K, reserved 1165312K
  class space    used 15414K, capacity 16451K, committed 16512K, reserved 1048576K
Event: 1627.376 GC heap after
Heap after GC invocations=53 (full 6):
 PSYoungGen      total 458752K, used 0K [0x00000000e0000000, 0x00000000fff00000, 0x0000000100000000)
  eden space 400896K, 0% used [0x00000000e0000000,0x00000000e0000000,0x00000000f8780000)
  from space 57856K, 0% used [0x00000000f8780000,0x00000000f8780000,0x00000000fc000000)
  to   space 58368K, 0% used [0x00000000fc600000,0x00000000fc600000,0x00000000fff00000)
 ParOldGen       total 211968K, used 124359K [0x00000000a0000000, 0x00000000acf00000, 0x00000000e0000000)
  object space 211968K, 58% used [0x00000000a0000000,0x00000000a7971d50,0x00000000acf00000)
 Metaspace       used 124960K, capacity 129662K, committed 131968K, reserved 1165312K
  class space    used 15166K, capacity 16074K, committed 16512K, reserved 1048576K
}

