# JRE version: OpenJDK Runtime Environment (8.0_152-b01) (build 1.8.0_152-release-1343-b01)
# Java VM: OpenJDK 64-Bit Server VM (25.152-b01 mixed mode windows-amd64 compressed oops)
Heap:
 PSYoungGen      total 206336K, used 179665K [0x00000000e0000000, 0x00000000eed00000, 0x0000000100000000)
  eden space 178176K, 90% used [0x00000000e0000000,0x00000000e9cd72a8,0x00000000eae00000)
  from space 28160K, 67% used [0x00000000eae00000,0x00000000ec09d438,0x00000000ec980000)
  to   space 29184K, 0% used [0x00000000ed080000,0x00000000ed080000,0x00000000eed00000)
 ParOldGen       total 142848K, used 67140K [0x00000000a0000000, 0x00000000a8b80000, 0x00000000e0000000)
  object space 142848K, 47% used [0x00000000a0000000,0x00000000a4191128,0x00000000a8b80000)
 Metaspace       used 81550K, capacity 85314K, committed 85376K, reserved 1124352K
  class space    used 10473K, capacity 11339K, committed 11392K, reserved 1048576K
GC Heap History (10 events):
Event: 619.745 GC heap before
{Heap before GC invocations=31 (full 4):
 PSYoungGen      total 176640K, used 163840K [0x00000000e0000000, 0x00000000ede80000, 0x0000000100000000)
  eden space 163840K, 100% used [0x00000000e0000000,0x00000000ea000000,0x00000000ea000000)
  from space 12800K, 0% used [0x00000000ed200000,0x00000000ed200000,0x00000000ede80000)
  to   space 25600K, 0% used [0x00000000eac80000,0x00000000eac80000,0x00000000ec580000)
 ParOldGen       total 142848K, used 67108K [0x00000000a0000000, 0x00000000a8b80000, 0x00000000e0000000)
  object space 142848K, 46% used [0x00000000a0000000,0x00000000a4189128,0x00000000a8b80000)
 Metaspace       used 77327K, capacity 80440K, committed 80640K, reserved 1120256K
  class space    used 9959K, capacity 10694K, committed 10752K, reserved 1048576K
Event: 619.763 GC heap after
Heap after GC invocations=31 (full 4):
 PSYoungGen      total 178688K, used 6368K [0x00000000e0000000, 0x00000000eda00000, 0x0000000100000000)
  eden space 172032K, 0% used [0x00000000e0000000,0x00000000e0000000,0x00000000ea800000)
  from space 6656K, 95% used [0x00000000eac80000,0x00000000eb2b8000,0x00000000eb300000)
  to   space 25600K, 0% used [0x00000000ec100000,0x00000000ec100000,0x00000000eda00000)
 ParOldGen       total 142848K, used 67116K [0x00000000a0000000, 0x00000000a8b80000, 0x00000000e0000000)
  object space 142848K, 46% used [0x00000000a0000000,0x00000000a418b128,0x00000000a8b80000)
 Metaspace       used 77327K, capacity 80440K, committed 80640K, reserved 1120256K
  class space    used 9959K, capacity 10694K, committed 10752K, reserved 1048576K
}
Event: 650.539 GC heap before
{Heap before GC invocations=32 (full 4):
 PSYoungGen      total 178688K, used 178400K [0x00000000e0000000, 0x00000000eda00000, 0x0000000100000000)
  eden space 172032K, 100% used [0x00000000e0000000,0x00000000ea800000,0x00000000ea800000)
  from space 6656K, 95% used [0x00000000eac80000,0x00000000eb2b8000,0x00000000eb300000)
  to   space 25600K, 0% used [0x00000000ec100000,0x00000000ec100000,0x00000000eda00000)
 ParOldGen       total 142848K, used 67116K [0x00000000a0000000, 0x00000000a8b80000, 0x00000000e0000000)
  object space 142848K, 46% used [0x00000000a0000000,0x00000000a418b128,0x00000000a8b80000)
 Metaspace       used 77542K, capacity 80672K, committed 80896K, reserved 1120256K
  class space    used 9984K, capacity 10722K, committed 10752K, reserved 1048576K
Event: 650.557 GC heap after
Heap after GC invocations=32 (full 4):
 PSYoungGen      total 198656K, used 9072K [0x00000000e0000000, 0x00000000edf00000, 0x0000000100000000)
  eden space 173056K, 0% used [0x00000000e0000000,0x00000000e0000000,0x00000000ea900000)
  from space 25600K, 35% used [0x00000000ec100000,0x00000000ec9dc020,0x00000000eda00000)
  to   space 24576K, 0% used [0x00000000ea900000,0x00000000ea900000,0x00000000ec100000)
 ParOldGen       total 142848K, used 67116K [0x00000000a0000000, 0x00000000a8b80000, 0x00000000e0000000)
  object space 142848K, 46% used [0x00000000a0000000,0x00000000a418b128,0x00000000a8b80000)
 Metaspace       used 77542K, capacity 80672K, committed 80896K, reserved 1120256K
  class space    used 9984K, capacity 10722K, committed 10752K, reserved 1048576K
}
Event: 701.412 GC heap before
{Heap before GC invocations=33 (full 4):
 PSYoungGen      total 198656K, used 182128K [0x00000000e0000000, 0x00000000edf00000, 0x0000000100000000)
  eden space 173056K, 100% used [0x00000000e0000000,0x00000000ea900000,0x00000000ea900000)
  from space 25600K, 35% used [0x00000000ec100000,0x00000000ec9dc020,0x00000000eda00000)
  to   space 24576K, 0% used [0x00000000ea900000,0x00000000ea900000,0x00000000ec100000)
 ParOldGen       total 142848K, used 67116K [0x00000000a0000000, 0x00000000a8b80000, 0x00000000e0000000)
  object space 142848K, 46% used [0x00000000a0000000,0x00000000a418b128,0x00000000a8b80000)
 Metaspace       used 79216K, capacity 82466K, committed 82688K, reserved 1120256K
  class space    used 10161K, capacity 10899K, committed 11008K, reserved 1048576K
Event: 701.459 GC heap after
Heap after GC invocations=33 (full 4):
 PSYoungGen      total 197632K, used 22006K [0x00000000e0000000, 0x00000000ee480000, 0x0000000100000000)
  eden space 173056K, 0% used [0x00000000e0000000,0x00000000e0000000,0x00000000ea900000)
  from space 24576K, 89% used [0x00000000ea900000,0x00000000ebe7d920,0x00000000ec100000)
  to   space 27136K, 0% used [0x00000000eca00000,0x00000000eca00000,0x00000000ee480000)
 ParOldGen       total 142848K, used 67124K [0x00000000a0000000, 0x00000000a8b80000, 0x00000000e0000000)
  object space 142848K, 46% used [0x00000000a0000000,0x00000000a418d128,0x00000000a8b80000)
 Metaspace       used 79216K, capacity 82466K, committed 82688K, reserved 1120256K
  class space    used 10161K, capacity 10899K, committed 11008K, reserved 1048576K
}
Event: 1043.824 GC heap before
{Heap before GC invocations=34 (full 4):
 PSYoungGen      total 197632K, used 195062K [0x00000000e0000000, 0x00000000ee480000, 0x0000000100000000)
  eden space 173056K, 100% used [0x00000000e0000000,0x00000000ea900000,0x00000000ea900000)
  from space 24576K, 89% used [0x00000000ea900000,0x00000000ebe7d920,0x00000000ec100000)
  to   space 27136K, 0% used [0x00000000eca00000,0x00000000eca00000,0x00000000ee480000)
 ParOldGen       total 142848K, used 67124K [0x00000000a0000000, 0x00000000a8b80000, 0x00000000e0000000)
  object space 142848K, 46% used [0x00000000a0000000,0x00000000a418d128,0x00000000a8b80000)
 Metaspace       used 80992K, capacity 84674K, committed 84864K, reserved 1122304K
  class space    used 10429K, capacity 11277K, committed 11392K, reserved 1048576K
Event: 1043.862 GC heap after
Heap after GC invocations=34 (full 4):
 PSYoungGen      total 205312K, used 19704K [0x00000000e0000000, 0x00000000ee500000, 0x0000000100000000)
  eden space 178176K, 0% used [0x00000000e0000000,0x00000000e0000000,0x00000000eae00000)
  from space 27136K, 72% used [0x00000000eca00000,0x00000000edd3e1f0,0x00000000ee480000)
  to   space 28160K, 0% used [0x00000000eae00000,0x00000000eae00000,0x00000000ec980000)
 ParOldGen       total 142848K, used 67132K [0x00000000a0000000, 0x00000000a8b80000, 0x00000000e0000000)
  object space 142848K, 46% used [0x00000000a0000000,0x00000000a418f128,0x00000000a8b80000)
 Metaspace       used 80992K, capacity 84674K, committed 84864K, reserved 1122304K
  class space    used 10429K, capacity 11277K, committed 11392K, reserved 1048576K
}
Event: 1059.518 GC heap before
{Heap before GC invocations=35 (full 4):
 PSYoungGen      total 205312K, used 197880K [0x00000000e0000000, 0x00000000ee500000, 0x0000000100000000)
  eden space 178176K, 100% used [0x00000000e0000000,0x00000000eae00000,0x00000000eae00000)
  from space 27136K, 72% used [0x00000000eca00000,0x00000000edd3e1f0,0x00000000ee480000)
  to   space 28160K, 0% used [0x00000000eae00000,0x00000000eae00000,0x00000000ec980000)
 ParOldGen       total 142848K, used 67132K [0x00000000a0000000, 0x00000000a8b80000, 0x00000000e0000000)
  object space 142848K, 46% used [0x00000000a0000000,0x00000000a418f128,0x00000000a8b80000)
 Metaspace       used 81386K, capacity 85114K, committed 85376K, reserved 1124352K
  class space    used 10468K, capacity 11339K, committed 11392K, reserved 1048576K
Event: 1059.555 GC heap after
Heap after GC invocations=35 (full 4):
 PSYoungGen      total 206336K, used 19061K [0x00000000e0000000, 0x00000000eed00000, 0x0000000100000000)
  eden space 178176K, 0% used [0x00000000e0000000,0x00000000e0000000,0x00000000eae00000)
  from space 28160K, 67% used [0x00000000eae00000,0x00000000ec09d438,0x00000000ec980000)
  to   space 29184K, 0% used [0x00000000ed080000,0x00000000ed080000,0x00000000eed00000)
 ParOldGen       total 142848K, used 67140K [0x00000000a0000000, 0x00000000a8b80000, 0x00000000e0000000)
  object space 142848K, 47% used [0x00000000a0000000,0x00000000a4191128,0x00000000a8b80000)
 Metaspace       used 81386K, capacity 85114K, committed 85376K, reserved 1124352K
  class space    used 10468K, capacity 11339K, committed 11392K, reserved 1048576K
}

