# JRE version: OpenJDK Runtime Environment (8.0_152-b01) (build 1.8.0_152-release-1343-b01)
# Java VM: OpenJDK 64-Bit Server VM (25.152-b01 mixed mode windows-amd64 compressed oops)
Heap:
 PSYoungGen      total 242688K, used 65108K [0x00000000e0000000, 0x00000000f1600000, 0x0000000100000000)
  eden space 226816K, 22% used [0x00000000e0000000,0x00000000e30c2130,0x00000000edd80000)
  from space 15872K, 95% used [0x00000000edd80000,0x00000000eec53108,0x00000000eed00000)
  to   space 17920K, 0% used [0x00000000f0480000,0x00000000f0480000,0x00000000f1600000)
 ParOldGen       total 76288K, used 50292K [0x00000000a0000000, 0x00000000a4a80000, 0x00000000e0000000)
  object space 76288K, 65% used [0x00000000a0000000,0x00000000a311d188,0x00000000a4a80000)
 Metaspace       used 66727K, capacity 68686K, committed 68824K, reserved 1110016K
  class space    used 8683K, capacity 9169K, committed 9216K, reserved 1048576K
GC Heap History (10 events):
Event: 22.122 GC heap before
{Heap before GC invocations=16 (full 2):
 PSYoungGen      total 140800K, used 135292K [0x00000000e0000000, 0x00000000ec480000, 0x0000000100000000)
  eden space 128512K, 100% used [0x00000000e0000000,0x00000000e7d80000,0x00000000e7d80000)
  from space 12288K, 55% used [0x00000000e7d80000,0x00000000e841f1d8,0x00000000e8980000)
  to   space 11776K, 0% used [0x00000000eb900000,0x00000000eb900000,0x00000000ec480000)
 ParOldGen       total 49152K, used 27667K [0x00000000a0000000, 0x00000000a3000000, 0x00000000e0000000)
  object space 49152K, 56% used [0x00000000a0000000,0x00000000a1b04c08,0x00000000a3000000)
 Metaspace       used 51647K, capacity 52686K, committed 52824K, reserved 1095680K
  class space    used 6883K, capacity 7190K, committed 7296K, reserved 1048576K
Event: 22.132 GC heap after
Heap after GC invocations=16 (full 2):
 PSYoungGen      total 180224K, used 4260K [0x00000000e0000000, 0x00000000ec000000, 0x0000000100000000)
  eden space 173056K, 0% used [0x00000000e0000000,0x00000000e0000000,0x00000000ea900000)
  from space 7168K, 59% used [0x00000000eb900000,0x00000000ebd29040,0x00000000ec000000)
  to   space 11776K, 0% used [0x00000000ea900000,0x00000000ea900000,0x00000000eb480000)
 ParOldGen       total 49152K, used 31102K [0x00000000a0000000, 0x00000000a3000000, 0x00000000e0000000)
  object space 49152K, 63% used [0x00000000a0000000,0x00000000a1e5f920,0x00000000a3000000)
 Metaspace       used 51647K, capacity 52686K, committed 52824K, reserved 1095680K
  class space    used 6883K, capacity 7190K, committed 7296K, reserved 1048576K
}
Event: 23.038 GC heap before
{Heap before GC invocations=17 (full 2):
 PSYoungGen      total 180224K, used 95212K [0x00000000e0000000, 0x00000000ec000000, 0x0000000100000000)
  eden space 173056K, 52% used [0x00000000e0000000,0x00000000e58d2298,0x00000000ea900000)
  from space 7168K, 59% used [0x00000000eb900000,0x00000000ebd29040,0x00000000ec000000)
  to   space 11776K, 0% used [0x00000000ea900000,0x00000000ea900000,0x00000000eb480000)
 ParOldGen       total 49152K, used 31102K [0x00000000a0000000, 0x00000000a3000000, 0x00000000e0000000)
  object space 49152K, 63% used [0x00000000a0000000,0x00000000a1e5f920,0x00000000a3000000)
 Metaspace       used 57538K, capacity 58990K, committed 59028K, reserved 1099776K
  class space    used 7754K, capacity 8155K, committed 8192K, reserved 1048576K
Event: 23.053 GC heap after
Heap after GC invocations=17 (full 2):
 PSYoungGen      total 184832K, used 11122K [0x00000000e0000000, 0x00000000efc80000, 0x0000000100000000)
  eden space 173056K, 0% used [0x00000000e0000000,0x00000000e0000000,0x00000000ea900000)
  from space 11776K, 94% used [0x00000000ea900000,0x00000000eb3dca10,0x00000000eb480000)
  to   space 12800K, 0% used [0x00000000ef000000,0x00000000ef000000,0x00000000efc80000)
 ParOldGen       total 49152K, used 31878K [0x00000000a0000000, 0x00000000a3000000, 0x00000000e0000000)
  object space 49152K, 64% used [0x00000000a0000000,0x00000000a1f21b08,0x00000000a3000000)
 Metaspace       used 57538K, capacity 58990K, committed 59028K, reserved 1099776K
  class space    used 7754K, capacity 8155K, committed 8192K, reserved 1048576K
}
Event: 23.053 GC heap before
{Heap before GC invocations=18 (full 3):
 PSYoungGen      total 184832K, used 11122K [0x00000000e0000000, 0x00000000efc80000, 0x0000000100000000)
  eden space 173056K, 0% used [0x00000000e0000000,0x00000000e0000000,0x00000000ea900000)
  from space 11776K, 94% used [0x00000000ea900000,0x00000000eb3dca10,0x00000000eb480000)
  to   space 12800K, 0% used [0x00000000ef000000,0x00000000ef000000,0x00000000efc80000)
 ParOldGen       total 49152K, used 31878K [0x00000000a0000000, 0x00000000a3000000, 0x00000000e0000000)
  object space 49152K, 64% used [0x00000000a0000000,0x00000000a1f21b08,0x00000000a3000000)
 Metaspace       used 57538K, capacity 58990K, committed 59028K, reserved 1099776K
  class space    used 7754K, capacity 8155K, committed 8192K, reserved 1048576K
Event: 23.329 GC heap after
Heap after GC invocations=18 (full 3):
 PSYoungGen      total 184832K, used 0K [0x00000000e0000000, 0x00000000efc80000, 0x0000000100000000)
  eden space 173056K, 0% used [0x00000000e0000000,0x00000000e0000000,0x00000000ea900000)
  from space 11776K, 0% used [0x00000000ea900000,0x00000000ea900000,0x00000000eb480000)
  to   space 12800K, 0% used [0x00000000ef000000,0x00000000ef000000,0x00000000efc80000)
 ParOldGen       total 76288K, used 37235K [0x00000000a0000000, 0x00000000a4a80000, 0x00000000e0000000)
  object space 76288K, 48% used [0x00000000a0000000,0x00000000a245cd68,0x00000000a4a80000)
 Metaspace       used 57538K, capacity 58990K, committed 59028K, reserved 1099776K
  class space    used 7754K, capacity 8155K, committed 8192K, reserved 1048576K
}
Event: 56.398 GC heap before
{Heap before GC invocations=19 (full 3):
 PSYoungGen      total 184832K, used 173056K [0x00000000e0000000, 0x00000000efc80000, 0x0000000100000000)
  eden space 173056K, 100% used [0x00000000e0000000,0x00000000ea900000,0x00000000ea900000)
  from space 11776K, 0% used [0x00000000ea900000,0x00000000ea900000,0x00000000eb480000)
  to   space 12800K, 0% used [0x00000000ef000000,0x00000000ef000000,0x00000000efc80000)
 ParOldGen       total 76288K, used 37235K [0x00000000a0000000, 0x00000000a4a80000, 0x00000000e0000000)
  object space 76288K, 48% used [0x00000000a0000000,0x00000000a245cd68,0x00000000a4a80000)
 Metaspace       used 63833K, capacity 65554K, committed 65880K, reserved 1105920K
  class space    used 8379K, capacity 8771K, committed 8832K, reserved 1048576K
Event: 56.419 GC heap after
Heap after GC invocations=19 (full 3):
 PSYoungGen      total 229376K, used 12772K [0x00000000e0000000, 0x00000000efc80000, 0x0000000100000000)
  eden space 216576K, 0% used [0x00000000e0000000,0x00000000e0000000,0x00000000ed380000)
  from space 12800K, 99% used [0x00000000ef000000,0x00000000efc79038,0x00000000efc80000)
  to   space 15872K, 0% used [0x00000000edd80000,0x00000000edd80000,0x00000000eed00000)
 ParOldGen       total 76288K, used 40407K [0x00000000a0000000, 0x00000000a4a80000, 0x00000000e0000000)
  object space 76288K, 52% used [0x00000000a0000000,0x00000000a2775f68,0x00000000a4a80000)
 Metaspace       used 63833K, capacity 65554K, committed 65880K, reserved 1105920K
  class space    used 8379K, capacity 8771K, committed 8832K, reserved 1048576K
}
Event: 75.295 GC heap before
{Heap before GC invocations=20 (full 3):
 PSYoungGen      total 229376K, used 229348K [0x00000000e0000000, 0x00000000efc80000, 0x0000000100000000)
  eden space 216576K, 100% used [0x00000000e0000000,0x00000000ed380000,0x00000000ed380000)
  from space 12800K, 99% used [0x00000000ef000000,0x00000000efc79038,0x00000000efc80000)
  to   space 15872K, 0% used [0x00000000edd80000,0x00000000edd80000,0x00000000eed00000)
 ParOldGen       total 76288K, used 40407K [0x00000000a0000000, 0x00000000a4a80000, 0x00000000e0000000)
  object space 76288K, 52% used [0x00000000a0000000,0x00000000a2775f68,0x00000000a4a80000)
 Metaspace       used 65694K, capacity 67700K, committed 67928K, reserved 1107968K
  class space    used 8582K, capacity 9032K, committed 9088K, reserved 1048576K
Event: 75.352 GC heap after
Heap after GC invocations=20 (full 3):
 PSYoungGen      total 242688K, used 15180K [0x00000000e0000000, 0x00000000f1600000, 0x0000000100000000)
  eden space 226816K, 0% used [0x00000000e0000000,0x00000000e0000000,0x00000000edd80000)
  from space 15872K, 95% used [0x00000000edd80000,0x00000000eec53108,0x00000000eed00000)
  to   space 17920K, 0% used [0x00000000f0480000,0x00000000f0480000,0x00000000f1600000)
 ParOldGen       total 76288K, used 50292K [0x00000000a0000000, 0x00000000a4a80000, 0x00000000e0000000)
  object space 76288K, 65% used [0x00000000a0000000,0x00000000a311d188,0x00000000a4a80000)
 Metaspace       used 65694K, capacity 67700K, committed 67928K, reserved 1107968K
  class space    used 8582K, capacity 9032K, committed 9088K, reserved 1048576K
}

