# JRE version: OpenJDK Runtime Environment (8.0_152-b01) (build 1.8.0_152-release-1343-b01)
# Java VM: OpenJDK 64-Bit Server VM (25.152-b01 mixed mode windows-amd64 compressed oops)
Heap:
 PSYoungGen      total 327680K, used 170940K [0x00000000e0000000, 0x00000000fa580000, 0x0000000100000000)
  eden space 307200K, 49% used [0x00000000e0000000,0x00000000e9374cb0,0x00000000f2c00000)
  from space 20480K, 97% used [0x00000000f4900000,0x00000000f5c7a6d0,0x00000000f5d00000)
  to   space 29696K, 0% used [0x00000000f2c00000,0x00000000f2c00000,0x00000000f4900000)
 ParOldGen       total 94720K, used 44455K [0x00000000a0000000, 0x00000000a5c80000, 0x00000000e0000000)
  object space 94720K, 46% used [0x00000000a0000000,0x00000000a2b69e78,0x00000000a5c80000)
 Metaspace       used 79327K, capacity 82604K, committed 82712K, reserved 1120256K
  class space    used 10305K, capacity 10998K, committed 11040K, reserved 1048576K
GC Heap History (10 events):
Event: 71.432 GC heap before
{Heap before GC invocations=19 (full 2):
 PSYoungGen      total 274944K, used 43696K [0x00000000e0000000, 0x00000000f2e80000, 0x0000000100000000)
  eden space 261632K, 11% used [0x00000000e0000000,0x00000000e1db0f80,0x00000000eff80000)
  from space 13312K, 99% used [0x00000000f1280000,0x00000000f1f7b330,0x00000000f1f80000)
  to   space 19456K, 0% used [0x00000000eff80000,0x00000000eff80000,0x00000000f1280000)
 ParOldGen       total 60416K, used 26684K [0x00000000a0000000, 0x00000000a3b00000, 0x00000000e0000000)
  object space 60416K, 44% used [0x00000000a0000000,0x00000000a1a0f3e0,0x00000000a3b00000)
 Metaspace       used 57080K, capacity 59028K, committed 59160K, reserved 1099776K
  class space    used 7464K, capacity 7872K, committed 7968K, reserved 1048576K
Event: 71.468 GC heap after
Heap after GC invocations=19 (full 2):
 PSYoungGen      total 281088K, used 15671K [0x00000000e0000000, 0x00000000f5d80000, 0x0000000100000000)
  eden space 261632K, 0% used [0x00000000e0000000,0x00000000e0000000,0x00000000eff80000)
  from space 19456K, 80% used [0x00000000eff80000,0x00000000f0ecdfb0,0x00000000f1280000)
  to   space 20992K, 0% used [0x00000000f4900000,0x00000000f4900000,0x00000000f5d80000)
 ParOldGen       total 60416K, used 26692K [0x00000000a0000000, 0x00000000a3b00000, 0x00000000e0000000)
  object space 60416K, 44% used [0x00000000a0000000,0x00000000a1a113e0,0x00000000a3b00000)
 Metaspace       used 57080K, capacity 59028K, committed 59160K, reserved 1099776K
  class space    used 7464K, capacity 7872K, committed 7968K, reserved 1048576K
}
Event: 71.468 GC heap before
{Heap before GC invocations=20 (full 3):
 PSYoungGen      total 281088K, used 15671K [0x00000000e0000000, 0x00000000f5d80000, 0x0000000100000000)
  eden space 261632K, 0% used [0x00000000e0000000,0x00000000e0000000,0x00000000eff80000)
  from space 19456K, 80% used [0x00000000eff80000,0x00000000f0ecdfb0,0x00000000f1280000)
  to   space 20992K, 0% used [0x00000000f4900000,0x00000000f4900000,0x00000000f5d80000)
 ParOldGen       total 60416K, used 26692K [0x00000000a0000000, 0x00000000a3b00000, 0x00000000e0000000)
  object space 60416K, 44% used [0x00000000a0000000,0x00000000a1a113e0,0x00000000a3b00000)
 Metaspace       used 57080K, capacity 59028K, committed 59160K, reserved 1099776K
  class space    used 7464K, capacity 7872K, committed 7968K, reserved 1048576K
Event: 71.753 GC heap after
Heap after GC invocations=20 (full 3):
 PSYoungGen      total 281088K, used 0K [0x00000000e0000000, 0x00000000f5d80000, 0x0000000100000000)
  eden space 261632K, 0% used [0x00000000e0000000,0x00000000e0000000,0x00000000eff80000)
  from space 19456K, 0% used [0x00000000eff80000,0x00000000eff80000,0x00000000f1280000)
  to   space 20992K, 0% used [0x00000000f4900000,0x00000000f4900000,0x00000000f5d80000)
 ParOldGen       total 94720K, used 38065K [0x00000000a0000000, 0x00000000a5c80000, 0x00000000e0000000)
  object space 94720K, 40% used [0x00000000a0000000,0x00000000a252c668,0x00000000a5c80000)
 Metaspace       used 56968K, capacity 58750K, committed 59160K, reserved 1099776K
  class space    used 7433K, capacity 7806K, committed 7968K, reserved 1048576K
}
Event: 77.329 GC heap before
{Heap before GC invocations=21 (full 3):
 PSYoungGen      total 281088K, used 261632K [0x00000000e0000000, 0x00000000f5d80000, 0x0000000100000000)
  eden space 261632K, 100% used [0x00000000e0000000,0x00000000eff80000,0x00000000eff80000)
  from space 19456K, 0% used [0x00000000eff80000,0x00000000eff80000,0x00000000f1280000)
  to   space 20992K, 0% used [0x00000000f4900000,0x00000000f4900000,0x00000000f5d80000)
 ParOldGen       total 94720K, used 38065K [0x00000000a0000000, 0x00000000a5c80000, 0x00000000e0000000)
  object space 94720K, 40% used [0x00000000a0000000,0x00000000a252c668,0x00000000a5c80000)
 Metaspace       used 66353K, capacity 68666K, committed 69016K, reserved 1110016K
  class space    used 8781K, capacity 9255K, committed 9376K, reserved 1048576K
Event: 77.356 GC heap after
Heap after GC invocations=21 (full 3):
 PSYoungGen      total 335360K, used 15532K [0x00000000e0000000, 0x00000000f6080000, 0x0000000100000000)
  eden space 314368K, 0% used [0x00000000e0000000,0x00000000e0000000,0x00000000f3300000)
  from space 20992K, 73% used [0x00000000f4900000,0x00000000f582b180,0x00000000f5d80000)
  to   space 22528K, 0% used [0x00000000f3300000,0x00000000f3300000,0x00000000f4900000)
 ParOldGen       total 94720K, used 38073K [0x00000000a0000000, 0x00000000a5c80000, 0x00000000e0000000)
  object space 94720K, 40% used [0x00000000a0000000,0x00000000a252e668,0x00000000a5c80000)
 Metaspace       used 66353K, capacity 68666K, committed 69016K, reserved 1110016K
  class space    used 8781K, capacity 9255K, committed 9376K, reserved 1048576K
}
Event: 1822.068 GC heap before
{Heap before GC invocations=22 (full 3):
 PSYoungGen      total 335360K, used 329900K [0x00000000e0000000, 0x00000000f6080000, 0x0000000100000000)
  eden space 314368K, 100% used [0x00000000e0000000,0x00000000f3300000,0x00000000f3300000)
  from space 20992K, 73% used [0x00000000f4900000,0x00000000f582b180,0x00000000f5d80000)
  to   space 22528K, 0% used [0x00000000f3300000,0x00000000f3300000,0x00000000f4900000)
 ParOldGen       total 94720K, used 38073K [0x00000000a0000000, 0x00000000a5c80000, 0x00000000e0000000)
  object space 94720K, 40% used [0x00000000a0000000,0x00000000a252e668,0x00000000a5c80000)
 Metaspace       used 73496K, capacity 76512K, committed 76568K, reserved 1116160K
  class space    used 9598K, capacity 10241K, committed 10272K, reserved 1048576K
Event: 1838.456 GC heap after
Heap after GC invocations=22 (full 3):
 PSYoungGen      total 323584K, used 22521K [0x00000000e0000000, 0x00000000f5d00000, 0x0000000100000000)
  eden space 301056K, 0% used [0x00000000e0000000,0x00000000e0000000,0x00000000f2600000)
  from space 22528K, 99% used [0x00000000f3300000,0x00000000f48fe6e0,0x00000000f4900000)
  to   space 20480K, 0% used [0x00000000f4900000,0x00000000f4900000,0x00000000f5d00000)
 ParOldGen       total 94720K, used 44447K [0x00000000a0000000, 0x00000000a5c80000, 0x00000000e0000000)
  object space 94720K, 46% used [0x00000000a0000000,0x00000000a2b67e78,0x00000000a5c80000)
 Metaspace       used 73496K, capacity 76512K, committed 76568K, reserved 1116160K
  class space    used 9598K, capacity 10241K, committed 10272K, reserved 1048576K
}
Event: 1867.240 GC heap before
{Heap before GC invocations=23 (full 3):
 PSYoungGen      total 323584K, used 323577K [0x00000000e0000000, 0x00000000f5d00000, 0x0000000100000000)
  eden space 301056K, 100% used [0x00000000e0000000,0x00000000f2600000,0x00000000f2600000)
  from space 22528K, 99% used [0x00000000f3300000,0x00000000f48fe6e0,0x00000000f4900000)
  to   space 20480K, 0% used [0x00000000f4900000,0x00000000f4900000,0x00000000f5d00000)
 ParOldGen       total 94720K, used 44447K [0x00000000a0000000, 0x00000000a5c80000, 0x00000000e0000000)
  object space 94720K, 46% used [0x00000000a0000000,0x00000000a2b67e78,0x00000000a5c80000)
 Metaspace       used 73498K, capacity 76512K, committed 76568K, reserved 1116160K
  class space    used 9598K, capacity 10241K, committed 10272K, reserved 1048576K
Event: 1867.785 GC heap after
Heap after GC invocations=23 (full 3):
 PSYoungGen      total 327680K, used 19945K [0x00000000e0000000, 0x00000000fa580000, 0x0000000100000000)
  eden space 307200K, 0% used [0x00000000e0000000,0x00000000e0000000,0x00000000f2c00000)
  from space 20480K, 97% used [0x00000000f4900000,0x00000000f5c7a6d0,0x00000000f5d00000)
  to   space 29696K, 0% used [0x00000000f2c00000,0x00000000f2c00000,0x00000000f4900000)
 ParOldGen       total 94720K, used 44455K [0x00000000a0000000, 0x00000000a5c80000, 0x00000000e0000000)
  object space 94720K, 46% used [0x00000000a0000000,0x00000000a2b69e78,0x00000000a5c80000)
 Metaspace       used 73498K, capacity 76512K, committed 76568K, reserved 1116160K
  class space    used 9598K, capacity 10241K, committed 10272K, reserved 1048576K
}

