# JRE version: OpenJDK Runtime Environment (17.0.6) (build 17.0.6+0-b2043.56-10027231)
# Java VM: OpenJDK 64-Bit Server VM (17.0.6+0-b2043.56-10027231, mixed mode, tiered, compressed oops, compressed class ptrs, g1 gc, windows-amd64)
GC Precious Log:
 CPUs: 4 total, 4 available
 Memory: 4004M
 Large Page Support: Disabled
 NUMA Support: Disabled
 Compressed Oops: Enabled (32-bit)
 Heap Region Size: 1M
 Heap Min Capacity: 8M
 Heap Initial Capacity: 64M
 Heap Max Capacity: 1536M
 Pre-touch: Disabled
 Parallel Workers: 4
 Concurrent Workers: 1
 Concurrent Refinement Workers: 4
 Periodic GC: Disabled
Heap:
 garbage-first heap   total 330752K, used 264268K [0x00000000a0000000, 0x0000000100000000)
  region size 1024K, 136 young (139264K), 11 survivors (11264K)
 Metaspace       used 109961K, committed 110656K, reserved 1146880K
  class space    used 14488K, committed 14784K, reserved 1048576K
GC Heap History (20 events):
Event: 35.064 GC heap after
{Heap after GC invocations=41 (full 0):
 garbage-first heap   total 246784K, used 143490K [0x00000000a0000000, 0x0000000100000000)
  region size 1024K, 4 young (4096K), 4 survivors (4096K)
 Metaspace       used 99772K, committed 100480K, reserved 1138688K
  class space    used 13459K, committed 13824K, reserved 1048576K
}
Event: 36.853 GC heap before
{Heap before GC invocations=41 (full 0):
 garbage-first heap   total 246784K, used 187522K [0x00000000a0000000, 0x0000000100000000)
  region size 1024K, 47 young (48128K), 4 survivors (4096K)
 Metaspace       used 102096K, committed 102848K, reserved 1138688K
  class space    used 13768K, committed 14144K, reserved 1048576K
}
Event: 36.881 GC heap after
{Heap after GC invocations=42 (full 0):
 garbage-first heap   total 246784K, used 148327K [0x00000000a0000000, 0x0000000100000000)
  region size 1024K, 5 young (5120K), 5 survivors (5120K)
 Metaspace       used 102096K, committed 102848K, reserved 1138688K
  class space    used 13768K, committed 14144K, reserved 1048576K
}
Event: 37.617 GC heap before
{Heap before GC invocations=42 (full 0):
 garbage-first heap   total 246784K, used 222055K [0x00000000a0000000, 0x0000000100000000)
  region size 1024K, 48 young (49152K), 5 survivors (5120K)
 Metaspace       used 102729K, committed 103488K, reserved 1138688K
  class space    used 13822K, committed 14208K, reserved 1048576K
}
Event: 37.632 GC heap after
{Heap after GC invocations=43 (full 0):
 garbage-first heap   total 246784K, used 154624K [0x00000000a0000000, 0x0000000100000000)
  region size 1024K, 6 young (6144K), 6 survivors (6144K)
 Metaspace       used 102729K, committed 103488K, reserved 1138688K
  class space    used 13822K, committed 14208K, reserved 1048576K
}
Event: 38.154 GC heap before
{Heap before GC invocations=43 (full 0):
 garbage-first heap   total 246784K, used 201728K [0x00000000a0000000, 0x0000000100000000)
  region size 1024K, 47 young (48128K), 6 survivors (6144K)
 Metaspace       used 104868K, committed 105536K, reserved 1146880K
  class space    used 13989K, committed 14336K, reserved 1048576K
}
Event: 38.169 GC heap after
{Heap after GC invocations=44 (full 0):
 garbage-first heap   total 246784K, used 164864K [0x00000000a0000000, 0x0000000100000000)
  region size 1024K, 6 young (6144K), 6 survivors (6144K)
 Metaspace       used 104868K, committed 105536K, reserved 1146880K
  class space    used 13989K, committed 14336K, reserved 1048576K
}
Event: 38.248 GC heap before
{Heap before GC invocations=44 (full 0):
 garbage-first heap   total 246784K, used 173056K [0x00000000a0000000, 0x0000000100000000)
  region size 1024K, 13 young (13312K), 6 survivors (6144K)
 Metaspace       used 105541K, committed 106176K, reserved 1146880K
  class space    used 14068K, committed 14400K, reserved 1048576K
}
Event: 38.259 GC heap after
{Heap after GC invocations=45 (full 0):
 garbage-first heap   total 246784K, used 166254K [0x00000000a0000000, 0x0000000100000000)
  region size 1024K, 1 young (1024K), 1 survivors (1024K)
 Metaspace       used 105541K, committed 106176K, reserved 1146880K
  class space    used 14068K, committed 14400K, reserved 1048576K
}
Event: 39.123 GC heap before
{Heap before GC invocations=46 (full 0):
 garbage-first heap   total 278528K, used 177518K [0x00000000a0000000, 0x0000000100000000)
  region size 1024K, 33 young (33792K), 1 survivors (1024K)
 Metaspace       used 106683K, committed 107392K, reserved 1146880K
  class space    used 14177K, committed 14528K, reserved 1048576K
}
Event: 39.133 GC heap after
{Heap after GC invocations=47 (full 0):
 garbage-first heap   total 278528K, used 148761K [0x00000000a0000000, 0x0000000100000000)
  region size 1024K, 4 young (4096K), 4 survivors (4096K)
 Metaspace       used 106683K, committed 107392K, reserved 1146880K
  class space    used 14177K, committed 14528K, reserved 1048576K
}
Event: 39.301 GC heap before
{Heap before GC invocations=47 (full 0):
 garbage-first heap   total 278528K, used 157977K [0x00000000a0000000, 0x0000000100000000)
  region size 1024K, 13 young (13312K), 4 survivors (4096K)
 Metaspace       used 106720K, committed 107456K, reserved 1146880K
  class space    used 14177K, committed 14528K, reserved 1048576K
}
Event: 39.310 GC heap after
{Heap after GC invocations=48 (full 0):
 garbage-first heap   total 278528K, used 132493K [0x00000000a0000000, 0x0000000100000000)
  region size 1024K, 2 young (2048K), 2 survivors (2048K)
 Metaspace       used 106720K, committed 107456K, reserved 1146880K
  class space    used 14177K, committed 14528K, reserved 1048576K
}
Event: 40.110 GC heap before
{Heap before GC invocations=48 (full 0):
 garbage-first heap   total 278528K, used 209293K [0x00000000a0000000, 0x0000000100000000)
  region size 1024K, 77 young (78848K), 2 survivors (2048K)
 Metaspace       used 107480K, committed 108224K, reserved 1146880K
  class space    used 14236K, committed 14592K, reserved 1048576K
}
Event: 40.127 GC heap after
{Heap after GC invocations=49 (full 0):
 garbage-first heap   total 330752K, used 142946K [0x00000000a0000000, 0x0000000100000000)
  region size 1024K, 10 young (10240K), 10 survivors (10240K)
 Metaspace       used 107480K, committed 108224K, reserved 1146880K
  class space    used 14236K, committed 14592K, reserved 1048576K
}
Event: 42.755 GC heap before
{Heap before GC invocations=50 (full 0):
 garbage-first heap   total 330752K, used 243298K [0x00000000a0000000, 0x0000000100000000)
  region size 1024K, 111 young (113664K), 10 survivors (10240K)
 Metaspace       used 108819K, committed 109568K, reserved 1146880K
  class space    used 14354K, committed 14720K, reserved 1048576K
}
Event: 42.771 GC heap after
{Heap after GC invocations=51 (full 0):
 garbage-first heap   total 330752K, used 138910K [0x00000000a0000000, 0x0000000100000000)
  region size 1024K, 5 young (5120K), 5 survivors (5120K)
 Metaspace       used 108819K, committed 109568K, reserved 1146880K
  class space    used 14354K, committed 14720K, reserved 1048576K
}
Event: 42.952 GC heap before
{Heap before GC invocations=51 (full 0):
 garbage-first heap   total 330752K, used 149150K [0x00000000a0000000, 0x0000000100000000)
  region size 1024K, 16 young (16384K), 5 survivors (5120K)
 Metaspace       used 108833K, committed 109568K, reserved 1146880K
  class space    used 14354K, committed 14720K, reserved 1048576K
}
Event: 42.965 GC heap after
{Heap after GC invocations=52 (full 0):
 garbage-first heap   total 330752K, used 136268K [0x00000000a0000000, 0x0000000100000000)
  region size 1024K, 2 young (2048K), 2 survivors (2048K)
 Metaspace       used 108833K, committed 109568K, reserved 1146880K
  class space    used 14354K, committed 14720K, reserved 1048576K
}
Event: 45.442 GC heap before
{Heap before GC invocations=52 (full 0):
 garbage-first heap   total 330752K, used 263244K [0x00000000a0000000, 0x0000000100000000)
  region size 1024K, 127 young (130048K), 2 survivors (2048K)
 Metaspace       used 109961K, committed 110656K, reserved 1146880K
  class space    used 14488K, committed 14784K, reserved 1048576K
}

