# JRE version: OpenJDK Runtime Environment (21.0.8) (build 21.0.8+-14196175-b1038.72)
# Java VM: OpenJDK 64-Bit Server VM (21.0.8+-14196175-b1038.72, mixed mode, tiered, compressed oops, compressed class ptrs, g1 gc, windows-amd64)
GC Precious Log:
 CardTable entry size: 512
 Card Set container configuration: InlinePtr #cards 5 size 8 Array Of Cards #cards 12 size 40 Howl #buckets 4 coarsen threshold 1843 Howl Bitmap #cards 512 size 80 coarsen threshold 460 Card regions per heap region 1 cards per card region 2048
 CPUs: 4 total, 4 available
 Memory: 12196M
 Large Page Support: Disabled
 NUMA Support: Disabled
 Compressed Oops: Enabled (32-bit)
 Heap Region Size: 1M
 Heap Min Capacity: 8M
 Heap Initial Capacity: 192M
 Heap Max Capacity: 1536M
 Pre-touch: Disabled
 Parallel Workers: 4
 Concurrent Workers: 1
 Concurrent Refinement Workers: 4
 Periodic GC: Disabled
Heap:
 garbage-first heap   total 106496K, used 93422K [0x00000000a0000000, 0x0000000100000000)
  region size 1024K, 34 young (34816K), 4 survivors (4096K)
 Metaspace       used 46627K, committed 47616K, reserved 1114112K
  class space    used 6425K, committed 6912K, reserved 1048576K
GC Heap History (19 events):
Event: 0.586 GC heap before
{Heap before GC invocations=0 (full 0):
 garbage-first heap   total 196608K, used 13312K [0x00000000a0000000, 0x0000000100000000)
  region size 1024K, 13 young (13312K), 0 survivors (0K)
 Metaspace       used 7530K, committed 7680K, reserved 1114112K
  class space    used 704K, committed 768K, reserved 1048576K
}
Event: 0.590 GC heap after
{Heap after GC invocations=1 (full 0):
 garbage-first heap   total 196608K, used 1296K [0x00000000a0000000, 0x0000000100000000)
  region size 1024K, 2 young (2048K), 2 survivors (2048K)
 Metaspace       used 7530K, committed 7680K, reserved 1114112K
  class space    used 704K, committed 768K, reserved 1048576K
}
Event: 1.638 GC heap before
{Heap before GC invocations=1 (full 0):
 garbage-first heap   total 196608K, used 28944K [0x00000000a0000000, 0x0000000100000000)
  region size 1024K, 27 young (27648K), 2 survivors (2048K)
 Metaspace       used 11252K, committed 11392K, reserved 1114112K
  class space    used 1226K, committed 1280K, reserved 1048576K
}
Event: 1.650 GC heap after
{Heap after GC invocations=2 (full 0):
 garbage-first heap   total 196608K, used 10530K [0x00000000a0000000, 0x0000000100000000)
  region size 1024K, 4 young (4096K), 4 survivors (4096K)
 Metaspace       used 11252K, committed 11392K, reserved 1114112K
  class space    used 1226K, committed 1280K, reserved 1048576K
}
Event: 4.269 GC heap before
{Heap before GC invocations=2 (full 0):
 garbage-first heap   total 196608K, used 104738K [0x00000000a0000000, 0x0000000100000000)
  region size 1024K, 96 young (98304K), 4 survivors (4096K)
 Metaspace       used 21244K, committed 21504K, reserved 1114112K
  class space    used 2517K, committed 2624K, reserved 1048576K
}
Event: 4.287 GC heap after
{Heap after GC invocations=3 (full 0):
 garbage-first heap   total 196608K, used 20143K [0x00000000a0000000, 0x0000000100000000)
  region size 1024K, 13 young (13312K), 13 survivors (13312K)
 Metaspace       used 21244K, committed 21504K, reserved 1114112K
  class space    used 2517K, committed 2624K, reserved 1048576K
}
Event: 5.288 GC heap before
{Heap before GC invocations=4 (full 0):
 garbage-first heap   total 71680K, used 48815K [0x00000000a0000000, 0x0000000100000000)
  region size 1024K, 42 young (43008K), 13 survivors (13312K)
 Metaspace       used 26433K, committed 26880K, reserved 1114112K
  class space    used 3318K, committed 3520K, reserved 1048576K
}
Event: 5.308 GC heap after
{Heap after GC invocations=5 (full 0):
 garbage-first heap   total 71680K, used 21915K [0x00000000a0000000, 0x0000000100000000)
  region size 1024K, 2 young (2048K), 2 survivors (2048K)
 Metaspace       used 26433K, committed 26880K, reserved 1114112K
  class space    used 3318K, committed 3520K, reserved 1048576K
}
Event: 6.976 GC heap before
{Heap before GC invocations=5 (full 0):
 garbage-first heap   total 71680K, used 56731K [0x00000000a0000000, 0x0000000100000000)
  region size 1024K, 37 young (37888K), 2 survivors (2048K)
 Metaspace       used 31286K, committed 31872K, reserved 1114112K
  class space    used 4214K, committed 4480K, reserved 1048576K
}
Event: 7.001 GC heap after
{Heap after GC invocations=6 (full 0):
 garbage-first heap   total 71680K, used 24448K [0x00000000a0000000, 0x0000000100000000)
  region size 1024K, 4 young (4096K), 4 survivors (4096K)
 Metaspace       used 31286K, committed 31872K, reserved 1114112K
  class space    used 4214K, committed 4480K, reserved 1048576K
}
Event: 8.090 GC heap before
{Heap before GC invocations=6 (full 0):
 garbage-first heap   total 71680K, used 52096K [0x00000000a0000000, 0x0000000100000000)
  region size 1024K, 32 young (32768K), 4 survivors (4096K)
 Metaspace       used 35209K, committed 35968K, reserved 1114112K
  class space    used 4892K, committed 5248K, reserved 1048576K
}
Event: 8.105 GC heap after
{Heap after GC invocations=7 (full 0):
 garbage-first heap   total 71680K, used 26327K [0x00000000a0000000, 0x0000000100000000)
  region size 1024K, 5 young (5120K), 5 survivors (5120K)
 Metaspace       used 35209K, committed 35968K, reserved 1114112K
  class space    used 4892K, committed 5248K, reserved 1048576K
}
Event: 9.218 GC heap before
{Heap before GC invocations=8 (full 0):
 garbage-first heap   total 75776K, used 73431K [0x00000000a0000000, 0x0000000100000000)
  region size 1024K, 24 young (24576K), 5 survivors (5120K)
 Metaspace       used 37004K, committed 37952K, reserved 1114112K
  class space    used 5212K, committed 5632K, reserved 1048576K
}
Event: 9.233 GC heap after
{Heap after GC invocations=9 (full 0):
 garbage-first heap   total 87040K, used 61594K [0x00000000a0000000, 0x0000000100000000)
  region size 1024K, 5 young (5120K), 5 survivors (5120K)
 Metaspace       used 37004K, committed 37952K, reserved 1114112K
  class space    used 5212K, committed 5632K, reserved 1048576K
}
Event: 9.649 GC heap before
{Heap before GC invocations=9 (full 0):
 garbage-first heap   total 87040K, used 75930K [0x00000000a0000000, 0x0000000100000000)
  region size 1024K, 19 young (19456K), 5 survivors (5120K)
 Metaspace       used 38844K, committed 39808K, reserved 1114112K
  class space    used 5454K, committed 5888K, reserved 1048576K
}
Event: 9.657 GC heap after
{Heap after GC invocations=10 (full 0):
 garbage-first heap   total 87040K, used 61751K [0x00000000a0000000, 0x0000000100000000)
  region size 1024K, 1 young (1024K), 1 survivors (1024K)
 Metaspace       used 38844K, committed 39808K, reserved 1114112K
  class space    used 5454K, committed 5888K, reserved 1048576K
}
Event: 10.367 GC heap before
{Heap before GC invocations=10 (full 0):
 garbage-first heap   total 87040K, used 77111K [0x00000000a0000000, 0x0000000100000000)
  region size 1024K, 16 young (16384K), 1 survivors (1024K)
 Metaspace       used 41228K, committed 42176K, reserved 1114112K
  class space    used 5862K, committed 6336K, reserved 1048576K
}
Event: 10.376 GC heap after
{Heap after GC invocations=11 (full 0):
 garbage-first heap   total 104448K, used 62702K [0x00000000a0000000, 0x0000000100000000)
  region size 1024K, 2 young (2048K), 2 survivors (2048K)
 Metaspace       used 41228K, committed 42176K, reserved 1114112K
  class space    used 5862K, committed 6336K, reserved 1048576K
}
Event: 12.496 GC heap before
{Heap before GC invocations=12 (full 0):
 garbage-first heap   total 106496K, used 92398K [0x00000000a0000000, 0x0000000100000000)
  region size 1024K, 32 young (32768K), 2 survivors (2048K)
 Metaspace       used 46627K, committed 47616K, reserved 1114112K
  class space    used 6425K, committed 6912K, reserved 1048576K
}

