# JRE version: OpenJDK Runtime Environment (21.0.8) (build 21.0.8+-14196175-b1038.72)
# Java VM: OpenJDK 64-Bit Server VM (21.0.8+-14196175-b1038.72, mixed mode, tiered, compressed oops, compressed class ptrs, g1 gc, windows-amd64)
GC Precious Log:
 CardTable entry size: 512
 Card Set container configuration: InlinePtr #cards 4 size 8 Array Of Cards #cards 16 size 48 Howl #buckets 8 coarsen threshold 3686 Howl Bitmap #cards 512 size 80 coarsen threshold 460 Card regions per heap region 1 cards per card region 4096
 CPUs: 4 total, 4 available
 Memory: 12196M
 Large Page Support: Disabled
 NUMA Support: Disabled
 Compressed Oops: Enabled (Zero based)
 Heap Region Size: 2M
 Heap Min Capacity: 8M
 Heap Initial Capacity: 192M
 Heap Max Capacity: 3G
 Pre-touch: Disabled
 Parallel Workers: 4
 Concurrent Workers: 1
 Concurrent Refinement Workers: 4
 Periodic GC: Disabled
Heap:
 garbage-first heap   total 784384K, used 415744K [0x0000000740000000, 0x0000000800000000)
  region size 2048K, 81 young (165888K), 11 survivors (22528K)
 Metaspace       used 150201K, committed 152576K, reserved 1245184K
  class space    used 20469K, committed 21632K, reserved 1048576K
GC Heap History (20 events):
Event: 291.969 GC heap before
{Heap before GC invocations=100 (full 0):
 garbage-first heap   total 493568K, used 428032K [0x0000000740000000, 0x0000000800000000)
  region size 2048K, 77 young (157696K), 10 survivors (20480K)
 Metaspace       used 127973K, committed 130240K, reserved 1179648K
  class space    used 17508K, committed 18560K, reserved 1048576K
}
Event: 292.055 GC heap after
{Heap after GC invocations=101 (full 0):
 garbage-first heap   total 493568K, used 299008K [0x0000000740000000, 0x0000000800000000)
  region size 2048K, 3 young (6144K), 3 survivors (6144K)
 Metaspace       used 127973K, committed 130240K, reserved 1179648K
  class space    used 17508K, committed 18560K, reserved 1048576K
}
Event: 295.639 GC heap before
{Heap before GC invocations=101 (full 0):
 garbage-first heap   total 493568K, used 436224K [0x0000000740000000, 0x0000000800000000)
  region size 2048K, 71 young (145408K), 3 survivors (6144K)
 Metaspace       used 127973K, committed 130240K, reserved 1179648K
  class space    used 17508K, committed 18560K, reserved 1048576K
}
Event: 295.666 GC heap after
{Heap after GC invocations=102 (full 0):
 garbage-first heap   total 493568K, used 276676K [0x0000000740000000, 0x0000000800000000)
  region size 2048K, 2 young (4096K), 2 survivors (4096K)
 Metaspace       used 127973K, committed 130240K, reserved 1179648K
  class space    used 17508K, committed 18560K, reserved 1048576K
}
Event: 299.841 GC heap before
{Heap before GC invocations=102 (full 0):
 garbage-first heap   total 493568K, used 440516K [0x0000000740000000, 0x0000000800000000)
  region size 2048K, 82 young (167936K), 2 survivors (4096K)
 Metaspace       used 127988K, committed 130240K, reserved 1179648K
  class space    used 17511K, committed 18560K, reserved 1048576K
}
Event: 299.852 GC heap after
{Heap after GC invocations=103 (full 0):
 garbage-first heap   total 493568K, used 278547K [0x0000000740000000, 0x0000000800000000)
  region size 2048K, 3 young (6144K), 3 survivors (6144K)
 Metaspace       used 127988K, committed 130240K, reserved 1179648K
  class space    used 17511K, committed 18560K, reserved 1048576K
}
Event: 303.357 GC heap before
{Heap before GC invocations=104 (full 0):
 garbage-first heap   total 493568K, used 442387K [0x0000000740000000, 0x0000000800000000)
  region size 2048K, 86 young (176128K), 3 survivors (6144K)
 Metaspace       used 127989K, committed 130240K, reserved 1179648K
  class space    used 17511K, committed 18560K, reserved 1048576K
}
Event: 303.370 GC heap after
{Heap after GC invocations=105 (full 0):
 garbage-first heap   total 493568K, used 274270K [0x0000000740000000, 0x0000000800000000)
  region size 2048K, 4 young (8192K), 4 survivors (8192K)
 Metaspace       used 127989K, committed 130240K, reserved 1179648K
  class space    used 17511K, committed 18560K, reserved 1048576K
}
Event: 307.320 GC heap before
{Heap before GC invocations=105 (full 0):
 garbage-first heap   total 493568K, used 454494K [0x0000000740000000, 0x0000000800000000)
  region size 2048K, 92 young (188416K), 4 survivors (8192K)
 Metaspace       used 127989K, committed 130240K, reserved 1179648K
  class space    used 17511K, committed 18560K, reserved 1048576K
}
Event: 307.450 GC heap after
{Heap after GC invocations=106 (full 0):
 garbage-first heap   total 493568K, used 245487K [0x0000000740000000, 0x0000000800000000)
  region size 2048K, 5 young (10240K), 5 survivors (10240K)
 Metaspace       used 127989K, committed 130240K, reserved 1179648K
  class space    used 17511K, committed 18560K, reserved 1048576K
}
Event: 310.582 GC heap before
{Heap before GC invocations=106 (full 0):
 garbage-first heap   total 493568K, used 454383K [0x0000000740000000, 0x0000000800000000)
  region size 2048K, 107 young (219136K), 5 survivors (10240K)
 Metaspace       used 127989K, committed 130240K, reserved 1179648K
  class space    used 17511K, committed 18560K, reserved 1048576K
}
Event: 310.610 GC heap after
{Heap after GC invocations=107 (full 0):
 garbage-first heap   total 784384K, used 245760K [0x0000000740000000, 0x0000000800000000)
  region size 2048K, 5 young (10240K), 5 survivors (10240K)
 Metaspace       used 127989K, committed 130240K, reserved 1179648K
  class space    used 17511K, committed 18560K, reserved 1048576K
}
Event: 319.452 GC heap before
{Heap before GC invocations=107 (full 0):
 garbage-first heap   total 784384K, used 694272K [0x0000000740000000, 0x0000000800000000)
  region size 2048K, 224 young (458752K), 5 survivors (10240K)
 Metaspace       used 127995K, committed 130240K, reserved 1179648K
  class space    used 17511K, committed 18560K, reserved 1048576K
}
Event: 319.479 GC heap after
{Heap after GC invocations=108 (full 0):
 garbage-first heap   total 784384K, used 250300K [0x0000000740000000, 0x0000000800000000)
  region size 2048K, 8 young (16384K), 8 survivors (16384K)
 Metaspace       used 127995K, committed 130240K, reserved 1179648K
  class space    used 17511K, committed 18560K, reserved 1048576K
}
Event: 327.049 GC heap before
{Heap before GC invocations=108 (full 0):
 garbage-first heap   total 784384K, used 702908K [0x0000000740000000, 0x0000000800000000)
  region size 2048K, 229 young (468992K), 8 survivors (16384K)
 Metaspace       used 127998K, committed 130240K, reserved 1179648K
  class space    used 17511K, committed 18560K, reserved 1048576K
}
Event: 327.081 GC heap after
{Heap after GC invocations=109 (full 0):
 garbage-first heap   total 784384K, used 256000K [0x0000000740000000, 0x0000000800000000)
  region size 2048K, 10 young (20480K), 10 survivors (20480K)
 Metaspace       used 127998K, committed 130240K, reserved 1179648K
  class space    used 17511K, committed 18560K, reserved 1048576K
}
Event: 333.844 GC heap before
{Heap before GC invocations=109 (full 0):
 garbage-first heap   total 784384K, used 366592K [0x0000000740000000, 0x0000000800000000)
  region size 2048K, 65 young (133120K), 10 survivors (20480K)
 Metaspace       used 127999K, committed 130240K, reserved 1179648K
  class space    used 17511K, committed 18560K, reserved 1048576K
}
Event: 333.852 GC heap after
{Heap after GC invocations=110 (full 0):
 garbage-first heap   total 784384K, used 239282K [0x0000000740000000, 0x0000000800000000)
  region size 2048K, 2 young (4096K), 2 survivors (4096K)
 Metaspace       used 127999K, committed 130240K, reserved 1179648K
  class space    used 17511K, committed 18560K, reserved 1048576K
}
Event: 406.640 GC heap before
{Heap before GC invocations=111 (full 0):
 garbage-first heap   total 784384K, used 718514K [0x0000000740000000, 0x0000000800000000)
  region size 2048K, 229 young (468992K), 2 survivors (4096K)
 Metaspace       used 149452K, committed 151808K, reserved 1179648K
  class space    used 20366K, committed 21504K, reserved 1048576K
}
Event: 406.733 GC heap after
{Heap after GC invocations=112 (full 0):
 garbage-first heap   total 784384K, used 274432K [0x0000000740000000, 0x0000000800000000)
  region size 2048K, 11 young (22528K), 11 survivors (22528K)
 Metaspace       used 149452K, committed 151808K, reserved 1179648K
  class space    used 20366K, committed 21504K, reserved 1048576K
}

