# JRE version: OpenJDK Runtime Environment (21.0.4) (build 21.0.4+-12508038-b607.1)
# Java VM: OpenJDK 64-Bit Server VM (21.0.4+-12508038-b607.1, mixed mode, tiered, compressed oops, compressed class ptrs, g1 gc, windows-amd64)
GC Precious Log:
 CardTable entry size: 512
 Card Set container configuration: InlinePtr #cards 5 size 8 Array Of Cards #cards 12 size 40 Howl #buckets 4 coarsen threshold 1843 Howl Bitmap #cards 512 size 80 coarsen threshold 460 Card regions per heap region 1 cards per card region 2048
 CPUs: 4 total, 4 available
 Memory: 12196M
 Large Page Support: Disabled
 NUMA Support: Disabled
 Compressed Oops: Enabled (32-bit)
 Heap Region Size: 1M
 Heap Min Capacity: 8M
 Heap Initial Capacity: 192M
 Heap Max Capacity: 1536M
 Pre-touch: Disabled
 Parallel Workers: 4
 Concurrent Workers: 1
 Concurrent Refinement Workers: 4
 Periodic GC: Disabled
Heap:
 garbage-first heap   total 312320K, used 281389K [0x00000000a0000000, 0x0000000100000000)
  region size 1024K, 101 young (103424K), 8 survivors (8192K)
 Metaspace       used 155691K, committed 158080K, reserved 1245184K
  class space    used 20611K, committed 21824K, reserved 1048576K
GC Heap History (20 events):
Event: 75.729 GC heap after
{Heap after GC invocations=65 (full 0):
 garbage-first heap   total 304128K, used 171485K [0x00000000a0000000, 0x0000000100000000)
  region size 1024K, 12 young (12288K), 12 survivors (12288K)
 Metaspace       used 125107K, committed 127296K, reserved 1179648K
  class space    used 16508K, committed 17600K, reserved 1048576K
}
Event: 77.742 GC heap before
{Heap before GC invocations=65 (full 0):
 garbage-first heap   total 304128K, used 266717K [0x00000000a0000000, 0x0000000100000000)
  region size 1024K, 106 young (108544K), 12 survivors (12288K)
 Metaspace       used 126276K, committed 128448K, reserved 1179648K
  class space    used 16617K, committed 17728K, reserved 1048576K
}
Event: 77.764 GC heap after
{Heap after GC invocations=66 (full 0):
 garbage-first heap   total 304128K, used 172032K [0x00000000a0000000, 0x0000000100000000)
  region size 1024K, 6 young (6144K), 6 survivors (6144K)
 Metaspace       used 126276K, committed 128448K, reserved 1179648K
  class space    used 16617K, committed 17728K, reserved 1048576K
}
Event: 115.690 GC heap before
{Heap before GC invocations=67 (full 0):
 garbage-first heap   total 304128K, used 267264K [0x00000000a0000000, 0x0000000100000000)
  region size 1024K, 104 young (106496K), 6 survivors (6144K)
 Metaspace       used 130918K, committed 133184K, reserved 1179648K
  class space    used 17241K, committed 18432K, reserved 1048576K
}
Event: 115.710 GC heap after
{Heap after GC invocations=68 (full 0):
 garbage-first heap   total 304128K, used 170325K [0x00000000a0000000, 0x0000000100000000)
  region size 1024K, 9 young (9216K), 9 survivors (9216K)
 Metaspace       used 130918K, committed 133184K, reserved 1179648K
  class space    used 17241K, committed 18432K, reserved 1048576K
}
Event: 117.704 GC heap before
{Heap before GC invocations=68 (full 0):
 garbage-first heap   total 304128K, used 274773K [0x00000000a0000000, 0x0000000100000000)
  region size 1024K, 112 young (114688K), 9 survivors (9216K)
 Metaspace       used 132455K, committed 134784K, reserved 1179648K
  class space    used 17425K, committed 18624K, reserved 1048576K
}
Event: 117.757 GC heap after
{Heap after GC invocations=69 (full 0):
 garbage-first heap   total 304128K, used 169984K [0x00000000a0000000, 0x0000000100000000)
  region size 1024K, 14 young (14336K), 14 survivors (14336K)
 Metaspace       used 132455K, committed 134784K, reserved 1179648K
  class space    used 17425K, committed 18624K, reserved 1048576K
}
Event: 117.813 GC heap before
{Heap before GC invocations=69 (full 0):
 garbage-first heap   total 304128K, used 174080K [0x00000000a0000000, 0x0000000100000000)
  region size 1024K, 19 young (19456K), 14 survivors (14336K)
 Metaspace       used 132571K, committed 134912K, reserved 1179648K
  class space    used 17435K, committed 18624K, reserved 1048576K
}
Event: 117.839 GC heap after
{Heap after GC invocations=70 (full 0):
 garbage-first heap   total 304128K, used 172544K [0x00000000a0000000, 0x0000000100000000)
  region size 1024K, 2 young (2048K), 2 survivors (2048K)
 Metaspace       used 132571K, committed 134912K, reserved 1179648K
  class space    used 17435K, committed 18624K, reserved 1048576K
}
Event: 124.519 GC heap before
{Heap before GC invocations=71 (full 0):
 garbage-first heap   total 304128K, used 276992K [0x00000000a0000000, 0x0000000100000000)
  region size 1024K, 103 young (105472K), 2 survivors (2048K)
 Metaspace       used 143522K, committed 145856K, reserved 1179648K
  class space    used 19044K, committed 20224K, reserved 1048576K
}
Event: 124.539 GC heap after
{Heap after GC invocations=72 (full 0):
 garbage-first heap   total 304128K, used 180736K [0x00000000a0000000, 0x0000000100000000)
  region size 1024K, 10 young (10240K), 10 survivors (10240K)
 Metaspace       used 143522K, committed 145856K, reserved 1179648K
  class space    used 19044K, committed 20224K, reserved 1048576K
}
Event: 127.618 GC heap before
{Heap before GC invocations=72 (full 0):
 garbage-first heap   total 304128K, used 274944K [0x00000000a0000000, 0x0000000100000000)
  region size 1024K, 103 young (105472K), 10 survivors (10240K)
 Metaspace       used 150391K, committed 152768K, reserved 1245184K
  class space    used 19940K, committed 21120K, reserved 1048576K
}
Event: 127.641 GC heap after
{Heap after GC invocations=73 (full 0):
 garbage-first heap   total 304128K, used 177472K [0x00000000a0000000, 0x0000000100000000)
  region size 1024K, 3 young (3072K), 3 survivors (3072K)
 Metaspace       used 150391K, committed 152768K, reserved 1245184K
  class space    used 19940K, committed 21120K, reserved 1048576K
}
Event: 127.812 GC heap before
{Heap before GC invocations=73 (full 0):
 garbage-first heap   total 304128K, used 185664K [0x00000000a0000000, 0x0000000100000000)
  region size 1024K, 12 young (12288K), 3 survivors (3072K)
 Metaspace       used 150501K, committed 152832K, reserved 1245184K
  class space    used 19942K, committed 21120K, reserved 1048576K
}
Event: 127.817 GC heap after
{Heap after GC invocations=74 (full 0):
 garbage-first heap   total 304128K, used 178089K [0x00000000a0000000, 0x0000000100000000)
  region size 1024K, 3 young (3072K), 3 survivors (3072K)
 Metaspace       used 150501K, committed 152832K, reserved 1245184K
  class space    used 19942K, committed 21120K, reserved 1048576K
}
Event: 131.840 GC heap before
{Heap before GC invocations=75 (full 0):
 garbage-first heap   total 308224K, used 307113K [0x00000000a0000000, 0x0000000100000000)
  region size 1024K, 78 young (79872K), 3 survivors (3072K)
 Metaspace       used 153832K, committed 156224K, reserved 1245184K
  class space    used 20422K, committed 21632K, reserved 1048576K
}
Event: 131.849 GC heap after
{Heap after GC invocations=76 (full 0):
 garbage-first heap   total 312320K, used 178396K [0x00000000a0000000, 0x0000000100000000)
  region size 1024K, 4 young (4096K), 4 survivors (4096K)
 Metaspace       used 153832K, committed 156224K, reserved 1245184K
  class space    used 20422K, committed 21632K, reserved 1048576K
}
Event: 857.212 GC heap before
{Heap before GC invocations=76 (full 0):
 garbage-first heap   total 312320K, used 290012K [0x00000000a0000000, 0x0000000100000000)
  region size 1024K, 113 young (115712K), 4 survivors (4096K)
 Metaspace       used 155443K, committed 157824K, reserved 1245184K
  class space    used 20607K, committed 21824K, reserved 1048576K
}
Event: 857.244 GC heap after
{Heap after GC invocations=77 (full 0):
 garbage-first heap   total 312320K, used 186157K [0x00000000a0000000, 0x0000000100000000)
  region size 1024K, 14 young (14336K), 14 survivors (14336K)
 Metaspace       used 155443K, committed 157824K, reserved 1245184K
  class space    used 20607K, committed 21824K, reserved 1048576K
}
Event: 866.808 GC heap before
{Heap before GC invocations=77 (full 0):
 garbage-first heap   total 312320K, used 280365K [0x00000000a0000000, 0x0000000100000000)
  region size 1024K, 107 young (109568K), 14 survivors (14336K)
 Metaspace       used 155691K, committed 158080K, reserved 1245184K
  class space    used 20611K, committed 21824K, reserved 1048576K
}

