# JRE version: OpenJDK Runtime Environment (8.0_152-b01) (build 1.8.0_152-release-1343-b01)
# Java VM: OpenJDK 64-Bit Server VM (25.152-b01 mixed mode windows-amd64 compressed oops)
Heap:
 PSYoungGen      total 215552K, used 9579K [0x00000000e0000000, 0x00000000eee00000, 0x0000000100000000)
  eden space 195584K, 4% used [0x00000000e0000000,0x00000000e095ad88,0x00000000ebf00000)
  from space 19968K, 0% used [0x00000000eda80000,0x00000000eda80000,0x00000000eee00000)
  to   space 24064K, 0% used [0x00000000ebf00000,0x00000000ebf00000,0x00000000ed680000)
 ParOldGen       total 131072K, used 65791K [0x00000000a0000000, 0x00000000a8000000, 0x00000000e0000000)
  object space 131072K, 50% used [0x00000000a0000000,0x00000000a403fc50,0x00000000a8000000)
 Metaspace       used 74337K, capacity 77148K, committed 77184K, reserved 1116160K
  class space    used 9705K, capacity 10362K, committed 10368K, reserved 1048576K
GC Heap History (10 events):
Event: 50.753 GC heap before
{Heap before GC invocations=22 (full 3):
 PSYoungGen      total 173056K, used 173041K [0x00000000e0000000, 0x00000000ebb00000, 0x0000000100000000)
  eden space 160256K, 100% used [0x00000000e0000000,0x00000000e9c80000,0x00000000e9c80000)
  from space 12800K, 99% used [0x00000000eab80000,0x00000000eb7fc698,0x00000000eb800000)
  to   space 15360K, 0% used [0x00000000e9c80000,0x00000000e9c80000,0x00000000eab80000)
 ParOldGen       total 74240K, used 34822K [0x00000000a0000000, 0x00000000a4880000, 0x00000000e0000000)
  object space 74240K, 46% used [0x00000000a0000000,0x00000000a2201bd0,0x00000000a4880000)
 Metaspace       used 67422K, capacity 69612K, committed 69888K, reserved 1110016K
  class space    used 9104K, capacity 9668K, committed 9728K, reserved 1048576K
Event: 50.788 GC heap after
Heap after GC invocations=22 (full 3):
 PSYoungGen      total 175616K, used 15328K [0x00000000e0000000, 0x00000000edb00000, 0x0000000100000000)
  eden space 160256K, 0% used [0x00000000e0000000,0x00000000e0000000,0x00000000e9c80000)
  from space 15360K, 99% used [0x00000000e9c80000,0x00000000eab78010,0x00000000eab80000)
  to   space 20992K, 0% used [0x00000000ec680000,0x00000000ec680000,0x00000000edb00000)
 ParOldGen       total 74240K, used 44653K [0x00000000a0000000, 0x00000000a4880000, 0x00000000e0000000)
  object space 74240K, 60% used [0x00000000a0000000,0x00000000a2b9b650,0x00000000a4880000)
 Metaspace       used 67422K, capacity 69612K, committed 69888K, reserved 1110016K
  class space    used 9104K, capacity 9668K, committed 9728K, reserved 1048576K
}
Event: 67.305 GC heap before
{Heap before GC invocations=23 (full 3):
 PSYoungGen      total 175616K, used 175584K [0x00000000e0000000, 0x00000000edb00000, 0x0000000100000000)
  eden space 160256K, 100% used [0x00000000e0000000,0x00000000e9c80000,0x00000000e9c80000)
  from space 15360K, 99% used [0x00000000e9c80000,0x00000000eab78010,0x00000000eab80000)
  to   space 20992K, 0% used [0x00000000ec680000,0x00000000ec680000,0x00000000edb00000)
 ParOldGen       total 74240K, used 44653K [0x00000000a0000000, 0x00000000a4880000, 0x00000000e0000000)
  object space 74240K, 60% used [0x00000000a0000000,0x00000000a2b9b650,0x00000000a4880000)
 Metaspace       used 69035K, capacity 71322K, committed 71552K, reserved 1112064K
  class space    used 9217K, capacity 9795K, committed 9856K, reserved 1048576K
Event: 67.386 GC heap after
Heap after GC invocations=23 (full 3):
 PSYoungGen      total 200192K, used 12433K [0x00000000e0000000, 0x00000000eda00000, 0x0000000100000000)
  eden space 180224K, 0% used [0x00000000e0000000,0x00000000e0000000,0x00000000eb000000)
  from space 19968K, 62% used [0x00000000ec680000,0x00000000ed2a4568,0x00000000eda00000)
  to   space 21504K, 0% used [0x00000000eb000000,0x00000000eb000000,0x00000000ec500000)
 ParOldGen       total 74240K, used 59969K [0x00000000a0000000, 0x00000000a4880000, 0x00000000e0000000)
  object space 74240K, 80% used [0x00000000a0000000,0x00000000a3a907c8,0x00000000a4880000)
 Metaspace       used 69035K, capacity 71322K, committed 71552K, reserved 1112064K
  class space    used 9217K, capacity 9795K, committed 9856K, reserved 1048576K
}
Event: 97.218 GC heap before
{Heap before GC invocations=24 (full 3):
 PSYoungGen      total 200192K, used 192657K [0x00000000e0000000, 0x00000000eda00000, 0x0000000100000000)
  eden space 180224K, 100% used [0x00000000e0000000,0x00000000eb000000,0x00000000eb000000)
  from space 19968K, 62% used [0x00000000ec680000,0x00000000ed2a4568,0x00000000eda00000)
  to   space 21504K, 0% used [0x00000000eb000000,0x00000000eb000000,0x00000000ec500000)
 ParOldGen       total 74240K, used 59969K [0x00000000a0000000, 0x00000000a4880000, 0x00000000e0000000)
  object space 74240K, 80% used [0x00000000a0000000,0x00000000a3a907c8,0x00000000a4880000)
 Metaspace       used 73589K, capacity 76152K, committed 76416K, reserved 1116160K
  class space    used 9638K, capacity 10258K, committed 10368K, reserved 1048576K
Event: 97.266 GC heap after
Heap after GC invocations=24 (full 3):
 PSYoungGen      total 201728K, used 21501K [0x00000000e0000000, 0x00000000ef280000, 0x0000000100000000)
  eden space 180224K, 0% used [0x00000000e0000000,0x00000000e0000000,0x00000000eb000000)
  from space 21504K, 99% used [0x00000000eb000000,0x00000000ec4ff500,0x00000000ec500000)
  to   space 24576K, 0% used [0x00000000eda80000,0x00000000eda80000,0x00000000ef280000)
 ParOldGen       total 74240K, used 60318K [0x00000000a0000000, 0x00000000a4880000, 0x00000000e0000000)
  object space 74240K, 81% used [0x00000000a0000000,0x00000000a3ae7b50,0x00000000a4880000)
 Metaspace       used 73589K, capacity 76152K, committed 76416K, reserved 1116160K
  class space    used 9638K, capacity 10258K, committed 10368K, reserved 1048576K
}
Event: 202.722 GC heap before
{Heap before GC invocations=25 (full 3):
 PSYoungGen      total 201728K, used 201725K [0x00000000e0000000, 0x00000000ef280000, 0x0000000100000000)
  eden space 180224K, 100% used [0x00000000e0000000,0x00000000eb000000,0x00000000eb000000)
  from space 21504K, 99% used [0x00000000eb000000,0x00000000ec4ff500,0x00000000ec500000)
  to   space 24576K, 0% used [0x00000000eda80000,0x00000000eda80000,0x00000000ef280000)
 ParOldGen       total 74240K, used 60318K [0x00000000a0000000, 0x00000000a4880000, 0x00000000e0000000)
  object space 74240K, 81% used [0x00000000a0000000,0x00000000a3ae7b50,0x00000000a4880000)
 Metaspace       used 74337K, capacity 77166K, committed 77184K, reserved 1116160K
  class space    used 9706K, capacity 10365K, committed 10368K, reserved 1048576K
Event: 202.773 GC heap after
Heap after GC invocations=25 (full 3):
 PSYoungGen      total 215552K, used 7539K [0x00000000e0000000, 0x00000000eee00000, 0x0000000100000000)
  eden space 195584K, 0% used [0x00000000e0000000,0x00000000e0000000,0x00000000ebf00000)
  from space 19968K, 37% used [0x00000000eda80000,0x00000000ee1dcc18,0x00000000eee00000)
  to   space 24064K, 0% used [0x00000000ebf00000,0x00000000ebf00000,0x00000000ed680000)
 ParOldGen       total 74752K, used 74608K [0x00000000a0000000, 0x00000000a4900000, 0x00000000e0000000)
  object space 74752K, 99% used [0x00000000a0000000,0x00000000a48dc3c0,0x00000000a4900000)
 Metaspace       used 74337K, capacity 77166K, committed 77184K, reserved 1116160K
  class space    used 9706K, capacity 10365K, committed 10368K, reserved 1048576K
}
Event: 202.773 GC heap before
{Heap before GC invocations=26 (full 4):
 PSYoungGen      total 215552K, used 7539K [0x00000000e0000000, 0x00000000eee00000, 0x0000000100000000)
  eden space 195584K, 0% used [0x00000000e0000000,0x00000000e0000000,0x00000000ebf00000)
  from space 19968K, 37% used [0x00000000eda80000,0x00000000ee1dcc18,0x00000000eee00000)
  to   space 24064K, 0% used [0x00000000ebf00000,0x00000000ebf00000,0x00000000ed680000)
 ParOldGen       total 74752K, used 74608K [0x00000000a0000000, 0x00000000a4900000, 0x00000000e0000000)
  object space 74752K, 99% used [0x00000000a0000000,0x00000000a48dc3c0,0x00000000a4900000)
 Metaspace       used 74337K, capacity 77166K, committed 77184K, reserved 1116160K
  class space    used 9706K, capacity 10365K, committed 10368K, reserved 1048576K
Event: 203.158 GC heap after
Heap after GC invocations=26 (full 4):
 PSYoungGen      total 215552K, used 0K [0x00000000e0000000, 0x00000000eee00000, 0x0000000100000000)
  eden space 195584K, 0% used [0x00000000e0000000,0x00000000e0000000,0x00000000ebf00000)
  from space 19968K, 0% used [0x00000000eda80000,0x00000000eda80000,0x00000000eee00000)
  to   space 24064K, 0% used [0x00000000ebf00000,0x00000000ebf00000,0x00000000ed680000)
 ParOldGen       total 131072K, used 65791K [0x00000000a0000000, 0x00000000a8000000, 0x00000000e0000000)
  object space 131072K, 50% used [0x00000000a0000000,0x00000000a403fc50,0x00000000a8000000)
 Metaspace       used 74332K, capacity 77148K, committed 77184K, reserved 1116160K
  class space    used 9705K, capacity 10362K, committed 10368K, reserved 1048576K
}

