# JRE version: OpenJDK Runtime Environment (8.0_152-b01) (build 1.8.0_152-release-1343-b01)
# Java VM: OpenJDK 64-Bit Server VM (25.152-b01 mixed mode windows-amd64 compressed oops)
Heap:
 PSYoungGen      total 491008K, used 56867K [0x00000000e0000000, 0x0000000100000000, 0x0000000100000000)
  eden space 473600K, 8% used [0x00000000e0000000,0x00000000e26cd0a8,0x00000000fce80000)
  from space 17408K, 98% used [0x00000000fce80000,0x00000000fdf3bbc8,0x00000000fdf80000)
  to   space 26112K, 0% used [0x00000000fe680000,0x00000000fe680000,0x0000000100000000)
 ParOldGen       total 170496K, used 112886K [0x00000000a0000000, 0x00000000aa680000, 0x00000000e0000000)
  object space 170496K, 66% used [0x00000000a0000000,0x00000000a6e3db00,0x00000000aa680000)
 Metaspace       used 104358K, capacity 108100K, committed 108416K, reserved 1144832K
  class space    used 12876K, capacity 13618K, committed 13696K, reserved 1048576K
GC Heap History (10 events):
Event: 562.837 GC heap before
{Heap before GC invocations=58 (full 7):
 PSYoungGen      total 493056K, used 476856K [0x00000000e0000000, 0x00000000ffc80000, 0x0000000100000000)
  eden space 467456K, 100% used [0x00000000e0000000,0x00000000fc880000,0x00000000fc880000)
  from space 25600K, 36% used [0x00000000fe380000,0x00000000fecae1a0,0x00000000ffc80000)
  to   space 26624K, 0% used [0x00000000fc880000,0x00000000fc880000,0x00000000fe280000)
 ParOldGen       total 170496K, used 95497K [0x00000000a0000000, 0x00000000aa680000, 0x00000000e0000000)
  object space 170496K, 56% used [0x00000000a0000000,0x00000000a5d42520,0x00000000aa680000)
 Metaspace       used 104334K, capacity 108098K, committed 108416K, reserved 1144832K
  class space    used 12875K, capacity 13617K, committed 13696K, reserved 1048576K
Event: 562.852 GC heap after
Heap after GC invocations=58 (full 7):
 PSYoungGen      total 494080K, used 6312K [0x00000000e0000000, 0x00000000fff00000, 0x0000000100000000)
  eden space 467456K, 0% used [0x00000000e0000000,0x00000000e0000000,0x00000000fc880000)
  from space 26624K, 23% used [0x00000000fc880000,0x00000000fceaa200,0x00000000fe280000)
  to   space 25600K, 0% used [0x00000000fe600000,0x00000000fe600000,0x00000000fff00000)
 ParOldGen       total 170496K, used 100507K [0x00000000a0000000, 0x00000000aa680000, 0x00000000e0000000)
  object space 170496K, 58% used [0x00000000a0000000,0x00000000a6226f18,0x00000000aa680000)
 Metaspace       used 104334K, capacity 108098K, committed 108416K, reserved 1144832K
  class space    used 12875K, capacity 13617K, committed 13696K, reserved 1048576K
}
Event: 563.918 GC heap before
{Heap before GC invocations=59 (full 7):
 PSYoungGen      total 494080K, used 473768K [0x00000000e0000000, 0x00000000fff00000, 0x0000000100000000)
  eden space 467456K, 100% used [0x00000000e0000000,0x00000000fc880000,0x00000000fc880000)
  from space 26624K, 23% used [0x00000000fc880000,0x00000000fceaa200,0x00000000fe280000)
  to   space 25600K, 0% used [0x00000000fe600000,0x00000000fe600000,0x00000000fff00000)
 ParOldGen       total 170496K, used 100507K [0x00000000a0000000, 0x00000000aa680000, 0x00000000e0000000)
  object space 170496K, 58% used [0x00000000a0000000,0x00000000a6226f18,0x00000000aa680000)
 Metaspace       used 104343K, capacity 108100K, committed 108416K, reserved 1144832K
  class space    used 12876K, capacity 13618K, committed 13696K, reserved 1048576K
Event: 563.936 GC heap after
Heap after GC invocations=59 (full 7):
 PSYoungGen      total 496640K, used 4460K [0x00000000e0000000, 0x00000000ffe00000, 0x0000000100000000)
  eden space 472064K, 0% used [0x00000000e0000000,0x00000000e0000000,0x00000000fcd00000)
  from space 24576K, 18% used [0x00000000fe600000,0x00000000fea5b3f0,0x00000000ffe00000)
  to   space 25088K, 0% used [0x00000000fcd00000,0x00000000fcd00000,0x00000000fe580000)
 ParOldGen       total 170496K, used 102936K [0x00000000a0000000, 0x00000000aa680000, 0x00000000e0000000)
  object space 170496K, 60% used [0x00000000a0000000,0x00000000a6486140,0x00000000aa680000)
 Metaspace       used 104343K, capacity 108100K, committed 108416K, reserved 1144832K
  class space    used 12876K, capacity 13618K, committed 13696K, reserved 1048576K
}
Event: 564.908 GC heap before
{Heap before GC invocations=60 (full 7):
 PSYoungGen      total 496640K, used 476524K [0x00000000e0000000, 0x00000000ffe00000, 0x0000000100000000)
  eden space 472064K, 100% used [0x00000000e0000000,0x00000000fcd00000,0x00000000fcd00000)
  from space 24576K, 18% used [0x00000000fe600000,0x00000000fea5b3f0,0x00000000ffe00000)
  to   space 25088K, 0% used [0x00000000fcd00000,0x00000000fcd00000,0x00000000fe580000)
 ParOldGen       total 170496K, used 102936K [0x00000000a0000000, 0x00000000aa680000, 0x00000000e0000000)
  object space 170496K, 60% used [0x00000000a0000000,0x00000000a6486140,0x00000000aa680000)
 Metaspace       used 104345K, capacity 108100K, committed 108416K, reserved 1144832K
  class space    used 12876K, capacity 13618K, committed 13696K, reserved 1048576K
Event: 564.938 GC heap after
Heap after GC invocations=60 (full 7):
 PSYoungGen      total 497152K, used 14115K [0x00000000e0000000, 0x0000000100000000, 0x0000000100000000)
  eden space 472064K, 0% used [0x00000000e0000000,0x00000000e0000000,0x00000000fcd00000)
  from space 25088K, 56% used [0x00000000fcd00000,0x00000000fdac8ff0,0x00000000fe580000)
  to   space 25600K, 0% used [0x00000000fe700000,0x00000000fe700000,0x0000000100000000)
 ParOldGen       total 170496K, used 103372K [0x00000000a0000000, 0x00000000aa680000, 0x00000000e0000000)
  object space 170496K, 60% used [0x00000000a0000000,0x00000000a64f3170,0x00000000aa680000)
 Metaspace       used 104345K, capacity 108100K, committed 108416K, reserved 1144832K
  class space    used 12876K, capacity 13618K, committed 13696K, reserved 1048576K
}
Event: 565.961 GC heap before
{Heap before GC invocations=61 (full 7):
 PSYoungGen      total 497152K, used 486179K [0x00000000e0000000, 0x0000000100000000, 0x0000000100000000)
  eden space 472064K, 100% used [0x00000000e0000000,0x00000000fcd00000,0x00000000fcd00000)
  from space 25088K, 56% used [0x00000000fcd00000,0x00000000fdac8ff0,0x00000000fe580000)
  to   space 25600K, 0% used [0x00000000fe700000,0x00000000fe700000,0x0000000100000000)
 ParOldGen       total 170496K, used 103372K [0x00000000a0000000, 0x00000000aa680000, 0x00000000e0000000)
  object space 170496K, 60% used [0x00000000a0000000,0x00000000a64f3170,0x00000000aa680000)
 Metaspace       used 104353K, capacity 108100K, committed 108416K, reserved 1144832K
  class space    used 12876K, capacity 13618K, committed 13696K, reserved 1048576K
Event: 565.980 GC heap after
Heap after GC invocations=61 (full 7):
 PSYoungGen      total 498688K, used 3238K [0x00000000e0000000, 0x00000000fff80000, 0x0000000100000000)
  eden space 473600K, 0% used [0x00000000e0000000,0x00000000e0000000,0x00000000fce80000)
  from space 25088K, 12% used [0x00000000fe700000,0x00000000fea29aa0,0x00000000fff80000)
  to   space 25088K, 0% used [0x00000000fce80000,0x00000000fce80000,0x00000000fe700000)
 ParOldGen       total 170496K, used 111878K [0x00000000a0000000, 0x00000000aa680000, 0x00000000e0000000)
  object space 170496K, 65% used [0x00000000a0000000,0x00000000a6d41870,0x00000000aa680000)
 Metaspace       used 104353K, capacity 108100K, committed 108416K, reserved 1144832K
  class space    used 12876K, capacity 13618K, committed 13696K, reserved 1048576K
}
Event: 567.145 GC heap before
{Heap before GC invocations=62 (full 7):
 PSYoungGen      total 498688K, used 476838K [0x00000000e0000000, 0x00000000fff80000, 0x0000000100000000)
  eden space 473600K, 100% used [0x00000000e0000000,0x00000000fce80000,0x00000000fce80000)
  from space 25088K, 12% used [0x00000000fe700000,0x00000000fea29aa0,0x00000000fff80000)
  to   space 25088K, 0% used [0x00000000fce80000,0x00000000fce80000,0x00000000fe700000)
 ParOldGen       total 170496K, used 111878K [0x00000000a0000000, 0x00000000aa680000, 0x00000000e0000000)
  object space 170496K, 65% used [0x00000000a0000000,0x00000000a6d41870,0x00000000aa680000)
 Metaspace       used 104358K, capacity 108100K, committed 108416K, reserved 1144832K
  class space    used 12876K, capacity 13618K, committed 13696K, reserved 1048576K
Event: 567.166 GC heap after
Heap after GC invocations=62 (full 7):
 PSYoungGen      total 491008K, used 17134K [0x00000000e0000000, 0x0000000100000000, 0x0000000100000000)
  eden space 473600K, 0% used [0x00000000e0000000,0x00000000e0000000,0x00000000fce80000)
  from space 17408K, 98% used [0x00000000fce80000,0x00000000fdf3bbc8,0x00000000fdf80000)
  to   space 26112K, 0% used [0x00000000fe680000,0x00000000fe680000,0x0000000100000000)
 ParOldGen       total 170496K, used 112886K [0x00000000a0000000, 0x00000000aa680000, 0x00000000e0000000)
  object space 170496K, 66% used [0x00000000a0000000,0x00000000a6e3db00,0x00000000aa680000)
 Metaspace       used 104358K, capacity 108100K, committed 108416K, reserved 1144832K
  class space    used 12876K, capacity 13618K, committed 13696K, reserved 1048576K
}

