# JRE version: OpenJDK Runtime Environment (21.0.8) (build 21.0.8+-14196175-b1038.72)
# Java VM: OpenJDK 64-Bit Server VM (21.0.8+-14196175-b1038.72, mixed mode, tiered, compressed oops, compressed class ptrs, g1 gc, windows-amd64)
GC Precious Log:
 CardTable entry size: 512
 Card Set container configuration: InlinePtr #cards 4 size 8 Array Of Cards #cards 16 size 48 Howl #buckets 8 coarsen threshold 3686 Howl Bitmap #cards 512 size 80 coarsen threshold 460 Card regions per heap region 1 cards per card region 4096
 CPUs: 4 total, 4 available
 Memory: 12196M
 Large Page Support: Disabled
 NUMA Support: Disabled
 Compressed Oops: Enabled (Zero based)
 Heap Region Size: 2M
 Heap Min Capacity: 8M
 Heap Initial Capacity: 192M
 Heap Max Capacity: 3050M
 Pre-touch: Disabled
 Parallel Workers: 4
 Concurrent Workers: 1
 Concurrent Refinement Workers: 4
 Periodic GC: Disabled
Heap:
 garbage-first heap   total 147456K, used 128120K [0x0000000741600000, 0x0000000800000000)
  region size 2048K, 26 young (53248K), 4 survivors (8192K)
 Metaspace       used 67370K, committed 67648K, reserved 1114112K
  class space    used 7650K, committed 7808K, reserved 1048576K
GC Heap History (20 events):
Event: 41.008 GC heap after
{Heap after GC invocations=21 (full 0):
 garbage-first heap   total 81920K, used 50432K [0x0000000741600000, 0x0000000800000000)
  region size 2048K, 1 young (2048K), 1 survivors (2048K)
 Metaspace       used 53869K, committed 54144K, reserved 1114112K
  class space    used 6244K, committed 6336K, reserved 1048576K
}
Event: 43.969 GC heap before
{Heap before GC invocations=21 (full 0):
 garbage-first heap   total 81920K, used 68864K [0x0000000741600000, 0x0000000800000000)
  region size 2048K, 10 young (20480K), 1 survivors (2048K)
 Metaspace       used 56102K, committed 56320K, reserved 1114112K
  class space    used 6510K, committed 6592K, reserved 1048576K
}
Event: 43.994 GC heap after
{Heap after GC invocations=22 (full 0):
 garbage-first heap   total 81920K, used 54147K [0x0000000741600000, 0x0000000800000000)
  region size 2048K, 2 young (4096K), 2 survivors (4096K)
 Metaspace       used 56102K, committed 56320K, reserved 1114112K
  class space    used 6510K, committed 6592K, reserved 1048576K
}
Event: 47.664 GC heap before
{Heap before GC invocations=22 (full 0):
 garbage-first heap   total 81920K, used 68483K [0x0000000741600000, 0x0000000800000000)
  region size 2048K, 9 young (18432K), 2 survivors (4096K)
 Metaspace       used 58249K, committed 58496K, reserved 1114112K
  class space    used 6747K, committed 6848K, reserved 1048576K
}
Event: 47.700 GC heap after
{Heap after GC invocations=23 (full 0):
 garbage-first heap   total 81920K, used 57975K [0x0000000741600000, 0x0000000800000000)
  region size 2048K, 2 young (4096K), 2 survivors (4096K)
 Metaspace       used 58249K, committed 58496K, reserved 1114112K
  class space    used 6747K, committed 6848K, reserved 1048576K
}
Event: 48.919 GC heap before
{Heap before GC invocations=24 (full 0):
 garbage-first heap   total 100352K, used 70263K [0x0000000741600000, 0x0000000800000000)
  region size 2048K, 8 young (16384K), 2 survivors (4096K)
 Metaspace       used 60282K, committed 60544K, reserved 1114112K
  class space    used 7024K, committed 7104K, reserved 1048576K
}
Event: 48.952 GC heap after
{Heap after GC invocations=25 (full 0):
 garbage-first heap   total 100352K, used 59392K [0x0000000741600000, 0x0000000800000000)
  region size 2048K, 1 young (2048K), 1 survivors (2048K)
 Metaspace       used 60282K, committed 60544K, reserved 1114112K
  class space    used 7024K, committed 7104K, reserved 1048576K
}
Event: 54.766 GC heap before
{Heap before GC invocations=25 (full 0):
 garbage-first heap   total 100352K, used 83968K [0x0000000741600000, 0x0000000800000000)
  region size 2048K, 14 young (28672K), 1 survivors (2048K)
 Metaspace       used 62421K, committed 62656K, reserved 1114112K
  class space    used 7199K, committed 7296K, reserved 1048576K
}
Event: 54.819 GC heap after
{Heap after GC invocations=26 (full 0):
 garbage-first heap   total 100352K, used 64085K [0x0000000741600000, 0x0000000800000000)
  region size 2048K, 2 young (4096K), 2 survivors (4096K)
 Metaspace       used 62421K, committed 62656K, reserved 1114112K
  class space    used 7199K, committed 7296K, reserved 1048576K
}
Event: 57.864 GC heap before
{Heap before GC invocations=26 (full 0):
 garbage-first heap   total 100352K, used 86613K [0x0000000741600000, 0x0000000800000000)
  region size 2048K, 13 young (26624K), 2 survivors (4096K)
 Metaspace       used 62912K, committed 63168K, reserved 1114112K
  class space    used 7203K, committed 7296K, reserved 1048576K
}
Event: 57.905 GC heap after
{Heap after GC invocations=27 (full 0):
 garbage-first heap   total 100352K, used 66685K [0x0000000741600000, 0x0000000800000000)
  region size 2048K, 2 young (4096K), 2 survivors (4096K)
 Metaspace       used 62912K, committed 63168K, reserved 1114112K
  class space    used 7203K, committed 7296K, reserved 1048576K
}
Event: 61.465 GC heap before
{Heap before GC invocations=28 (full 0):
 garbage-first heap   total 116736K, used 85117K [0x0000000741600000, 0x0000000800000000)
  region size 2048K, 11 young (22528K), 2 survivors (4096K)
 Metaspace       used 65140K, committed 65472K, reserved 1114112K
  class space    used 7549K, committed 7744K, reserved 1048576K
}
Event: 61.502 GC heap after
{Heap after GC invocations=29 (full 0):
 garbage-first heap   total 116736K, used 71253K [0x0000000741600000, 0x0000000800000000)
  region size 2048K, 2 young (4096K), 2 survivors (4096K)
 Metaspace       used 65140K, committed 65472K, reserved 1114112K
  class space    used 7549K, committed 7744K, reserved 1048576K
}
Event: 72.712 GC heap before
{Heap before GC invocations=29 (full 0):
 garbage-first heap   total 116736K, used 99925K [0x0000000741600000, 0x0000000800000000)
  region size 2048K, 16 young (32768K), 2 survivors (4096K)
 Metaspace       used 65683K, committed 66048K, reserved 1114112K
  class space    used 7572K, committed 7744K, reserved 1048576K
}
Event: 72.765 GC heap after
{Heap after GC invocations=30 (full 0):
 garbage-first heap   total 147456K, used 75329K [0x0000000741600000, 0x0000000800000000)
  region size 2048K, 2 young (4096K), 2 survivors (4096K)
 Metaspace       used 65683K, committed 66048K, reserved 1114112K
  class space    used 7572K, committed 7744K, reserved 1048576K
}
Event: 82.900 GC heap before
{Heap before GC invocations=30 (full 0):
 garbage-first heap   total 147456K, used 122433K [0x0000000741600000, 0x0000000800000000)
  region size 2048K, 25 young (51200K), 2 survivors (4096K)
 Metaspace       used 66245K, committed 66560K, reserved 1114112K
  class space    used 7580K, committed 7744K, reserved 1048576K
}
Event: 82.942 GC heap after
{Heap after GC invocations=31 (full 0):
 garbage-first heap   total 147456K, used 78168K [0x0000000741600000, 0x0000000800000000)
  region size 2048K, 4 young (8192K), 4 survivors (8192K)
 Metaspace       used 66245K, committed 66560K, reserved 1114112K
  class space    used 7580K, committed 7744K, reserved 1048576K
}
Event: 88.798 GC heap before
{Heap before GC invocations=31 (full 0):
 garbage-first heap   total 147456K, used 127320K [0x0000000741600000, 0x0000000800000000)
  region size 2048K, 28 young (57344K), 4 survivors (8192K)
 Metaspace       used 66770K, committed 67072K, reserved 1114112K
  class space    used 7623K, committed 7808K, reserved 1048576K
}
Event: 88.840 GC heap after
{Heap after GC invocations=32 (full 0):
 garbage-first heap   total 147456K, used 83064K [0x0000000741600000, 0x0000000800000000)
  region size 2048K, 4 young (8192K), 4 survivors (8192K)
 Metaspace       used 66770K, committed 67072K, reserved 1114112K
  class space    used 7623K, committed 7808K, reserved 1048576K
}
Event: 93.318 GC heap before
{Heap before GC invocations=32 (full 0):
 garbage-first heap   total 147456K, used 128120K [0x0000000741600000, 0x0000000800000000)
  region size 2048K, 26 young (53248K), 4 survivors (8192K)
 Metaspace       used 67370K, committed 67648K, reserved 1114112K
  class space    used 7650K, committed 7808K, reserved 1048576K
}

